#
# A fatal error has been detected by the Java Runtime Environment:
#
#  EXCEPTION_ACCESS_VIOLATION (0xc0000005) at pc=0x000002b419721066, pid=13500, tid=13724
#
# JRE version: OpenJDK Runtime Environment Temurin-11.0.16+8 (11.0.16+8) (build 11.0.16+8)
# Java VM: OpenJDK 64-Bit Server VM Temurin-11.0.16+8 (11.0.16+8, mixed mode, tiered, compressed oops, g1 gc, windows-amd64)
# Problematic frame:
# C  [OpenAL64.dll+0x11066]
#
# No core dump will be written. Minidumps are not enabled by default on client versions of Windows
#
# If you would like to submit a bug report, please visit:
#   https://github.com/adoptium/adoptium-support/issues
# The crash happened outside the Java Virtual Machine in native code.
# See problematic frame for where to report the bug.
#

---------------  S U M M A R Y ------------

Command Line: -Duser.language=es_AR -Dfile.encoding=UTF-8 org.uqbar.project.wollok.launch.WollokLauncher -requestsPort 0 -eventsPort 0 -folder -dontValidate -wf src/Game.wpgm -darkMode

Host: AMD Ryzen 5 3400G with Radeon Vega Graphics    , 8 cores, 15G,  Windows 10 , 64 bit Build 19041 (10.0.19041.1889)
Time: Sat Oct  8 00:13:16 2022 Hora estándar de Argentina elapsed time: 2.467894 seconds (0d 0h 0m 2s)

---------------  T H R E A D  ---------------

Current thread (0x000002b41980c800):  JavaThread "main" [_thread_in_native, id=13724, stack(0x000000b4a5200000,0x000000b4a5300000)]

Stack: [0x000000b4a5200000,0x000000b4a5300000],  sp=0x000000b4a52fc9f0,  free space=1010k
Native frames: (J=compiled Java code, j=interpreted, Vv=VM code, C=native code)
C  [OpenAL64.dll+0x11066]

Java frames: (J=compiled Java code, j=interpreted, Vv=VM code)
j  org.lwjgl.openal.ALC10.nalcCreateContext(JJ)J+0
j  org.lwjgl.openal.ALC10.alcCreateContext(Lorg/lwjgl/openal/ALCdevice;Ljava/nio/IntBuffer;)Lorg/lwjgl/openal/ALCcontext;+8
j  org.lwjgl.openal.AL.init(Ljava/lang/String;IIZZ)V+69
j  org.lwjgl.openal.AL.create(Ljava/lang/String;IIZZ)V+246
j  org.lwjgl.openal.AL.create(Ljava/lang/String;IIZ)V+5
j  org.lwjgl.openal.AL.create()V+6
j  com.badlogic.gdx.backends.lwjgl.audio.OpenALAudio.<init>(III)V+114
j  com.badlogic.gdx.backends.lwjgl.LwjglApplication.<init>(Lcom/badlogic/gdx/ApplicationListener;Lcom/badlogic/gdx/backends/lwjgl/LwjglApplicationConfiguration;Lcom/badlogic/gdx/backends/lwjgl/LwjglGraphics;)V+120
j  com.badlogic.gdx.backends.lwjgl.LwjglApplication.<init>(Lcom/badlogic/gdx/ApplicationListener;Lcom/badlogic/gdx/backends/lwjgl/LwjglApplicationConfiguration;)V+11
j  org.uqbar.project.wollok.game.gameboard.WollokGDXApplication.<init>(Lorg/uqbar/project/wollok/game/gameboard/Gameboard;Ljava/lang/Boolean;)V+17
j  org.uqbar.project.wollok.game.helpers.Application.start(Lorg/uqbar/project/wollok/game/gameboard/Gameboard;Ljava/lang/Boolean;)V+5
j  org.uqbar.project.wollok.game.gameboard.Gameboard.start(Ljava/lang/Boolean;)V+13
j  wollok.game.GameObject.doStart(Ljava/lang/Boolean;)V+12
v  ~StubRoutines::call_stub
j  jdk.internal.reflect.NativeMethodAccessorImpl.invoke0(Ljava/lang/reflect/Method;Ljava/lang/Object;[Ljava/lang/Object;)Ljava/lang/Object;+0 java.base@11.0.16
j  jdk.internal.reflect.NativeMethodAccessorImpl.invoke(Ljava/lang/Object;[Ljava/lang/Object;)Ljava/lang/Object;+100 java.base@11.0.16
J 3009 c1 jdk.internal.reflect.DelegatingMethodAccessorImpl.invoke(Ljava/lang/Object;[Ljava/lang/Object;)Ljava/lang/Object; java.base@11.0.16 (10 bytes) @ 0x000002b422b2c14c [0x000002b422b2c040+0x000000000000010c]
J 3008 c1 java.lang.reflect.Method.invoke(Ljava/lang/Object;[Ljava/lang/Object;)Ljava/lang/Object; java.base@11.0.16 (65 bytes) @ 0x000002b422b2bbe4 [0x000002b422b2b8a0+0x0000000000000344]
j  org.uqbar.project.wollok.ui.utils.XTendUtilExtensions.invokeConvertingArgs(Ljava/lang/reflect/Method;Ljava/lang/Object;[Ljava/lang/Object;)Lorg/uqbar/project/wollok/interpreter/core/WollokObject;+261
j  org.uqbar.project.wollok.interpreter.AbstractWollokCallable._invokeNative(Ljava/lang/Object;Ljava/lang/String;[Lorg/uqbar/project/wollok/interpreter/core/WollokObject;)Lorg/uqbar/project/wollok/interpreter/core/WollokObject;+41
j  org.uqbar.project.wollok.interpreter.AbstractWollokCallable.invokeNative(Ljava/lang/Object;Ljava/lang/String;[Lorg/uqbar/project/wollok/interpreter/core/WollokObject;)Lorg/uqbar/project/wollok/interpreter/core/WollokObject;+26
j  org.uqbar.project.wollok.interpreter.AbstractWollokCallable$1.apply()Lorg/uqbar/project/wollok/interpreter/core/WollokObject;+55
j  org.uqbar.project.wollok.interpreter.AbstractWollokCallable$1.apply()Ljava/lang/Object;+1
j  org.uqbar.project.wollok.interpreter.threads.WThread.performOnStack(Lorg/eclipse/emf/ecore/EObject;Lorg/uqbar/project/wollok/interpreter/context/EvaluationContext;Lorg/eclipse/xtext/xbase/lib/Functions$Function0;)Lorg/uqbar/project/wollok/interpreter/core/WollokObject;+29
j  org.uqbar.project.wollok.interpreter.WollokInterpreter.performOnStack(Lorg/eclipse/emf/ecore/EObject;Lorg/uqbar/project/wollok/interpreter/context/EvaluationContext;Lorg/eclipse/xtext/xbase/lib/Functions$Function0;)Lorg/uqbar/project/wollok/interpreter/core/WollokObject;+7
j  org.uqbar.project.wollok.interpreter.AbstractWollokCallable.call(Lorg/uqbar/project/wollok/wollokDsl/WMethodDeclaration;[Lorg/uqbar/project/wollok/interpreter/core/WollokObject;)Lorg/uqbar/project/wollok/interpreter/core/WollokObject;+38
j  org.uqbar.project.wollok.interpreter.core.WollokObject.call(Ljava/lang/String;[Lorg/uqbar/project/wollok/interpreter/core/WollokObject;)Lorg/uqbar/project/wollok/interpreter/core/WollokObject;+55
j  org.uqbar.project.wollok.interpreter.WollokInterpreterEvaluator._evaluate(Lorg/uqbar/project/wollok/wollokDsl/WFeatureCall;)Lorg/uqbar/project/wollok/interpreter/core/WollokObject;+119
j  org.uqbar.project.wollok.launch.WollokLauncherInterpreterEvaluator.evaluate(Lorg/eclipse/emf/ecore/EObject;)Lorg/uqbar/project/wollok/interpreter/core/WollokObject;+412
j  org.uqbar.project.wollok.interpreter.WollokInterpreterEvaluator.evaluate(Lorg/eclipse/emf/ecore/EObject;)Ljava/lang/Object;+2
j  org.uqbar.project.wollok.interpreter.WollokInterpreter.eval(Lorg/eclipse/emf/ecore/EObject;)Lorg/uqbar/project/wollok/interpreter/core/WollokObject;+63
j  org.uqbar.project.wollok.interpreter.WollokInterpreterEvaluator.eval(Lorg/eclipse/emf/ecore/EObject;)Lorg/uqbar/project/wollok/interpreter/core/WollokObject;+5
j  org.uqbar.project.wollok.interpreter.WollokInterpreterEvaluator$1.apply(Lorg/uqbar/project/wollok/interpreter/core/WollokObject;Lorg/eclipse/emf/ecore/EObject;)Lorg/uqbar/project/wollok/interpreter/core/WollokObject;+5
j  org.uqbar.project.wollok.interpreter.WollokInterpreterEvaluator$1.apply(Ljava/lang/Object;Ljava/lang/Object;)Ljava/lang/Object;+9
j  org.eclipse.xtext.xbase.lib.IteratorExtensions.fold(Ljava/util/Iterator;Ljava/lang/Object;Lorg/eclipse/xtext/xbase/lib/Functions$Function2;)Ljava/lang/Object;+19
j  org.eclipse.xtext.xbase.lib.IterableExtensions.fold(Ljava/lang/Iterable;Ljava/lang/Object;Lorg/eclipse/xtext/xbase/lib/Functions$Function2;)Ljava/lang/Object;+8
j  org.uqbar.project.wollok.interpreter.WollokInterpreterEvaluator.evalAll(Ljava/lang/Iterable;)Lorg/uqbar/project/wollok/interpreter/core/WollokObject;+12
j  org.uqbar.project.wollok.interpreter.WollokInterpreterEvaluator._evaluate(Lorg/uqbar/project/wollok/wollokDsl/WBlockExpression;)Lorg/uqbar/project/wollok/interpreter/core/WollokObject;+34
j  org.uqbar.project.wollok.launch.WollokLauncherInterpreterEvaluator.evaluate(Lorg/eclipse/emf/ecore/EObject;)Lorg/uqbar/project/wollok/interpreter/core/WollokObject;+76
j  org.uqbar.project.wollok.interpreter.WollokInterpreterEvaluator.evaluate(Lorg/eclipse/emf/ecore/EObject;)Ljava/lang/Object;+2
j  org.uqbar.project.wollok.interpreter.WollokInterpreter.eval(Lorg/eclipse/emf/ecore/EObject;)Lorg/uqbar/project/wollok/interpreter/core/WollokObject;+63
j  org.uqbar.project.wollok.interpreter.AbstractWollokCallable.eval(Lorg/eclipse/emf/ecore/EObject;)Lorg/uqbar/project/wollok/interpreter/core/WollokObject;+5
j  org.uqbar.project.wollok.interpreter.AbstractWollokCallable$1.apply()Lorg/uqbar/project/wollok/interpreter/core/WollokObject;+110
j  org.uqbar.project.wollok.interpreter.AbstractWollokCallable$1.apply()Ljava/lang/Object;+1
j  org.uqbar.project.wollok.interpreter.threads.WThread.performOnStack(Lorg/eclipse/emf/ecore/EObject;Lorg/uqbar/project/wollok/interpreter/context/EvaluationContext;Lorg/eclipse/xtext/xbase/lib/Functions$Function0;)Lorg/uqbar/project/wollok/interpreter/core/WollokObject;+29
j  org.uqbar.project.wollok.interpreter.WollokInterpreter.performOnStack(Lorg/eclipse/emf/ecore/EObject;Lorg/uqbar/project/wollok/interpreter/context/EvaluationContext;Lorg/eclipse/xtext/xbase/lib/Functions$Function0;)Lorg/uqbar/project/wollok/interpreter/core/WollokObject;+7
j  org.uqbar.project.wollok.interpreter.AbstractWollokCallable.call(Lorg/uqbar/project/wollok/wollokDsl/WMethodDeclaration;[Lorg/uqbar/project/wollok/interpreter/core/WollokObject;)Lorg/uqbar/project/wollok/interpreter/core/WollokObject;+38
j  org.uqbar.project.wollok.interpreter.core.WollokObject.call(Ljava/lang/String;[Lorg/uqbar/project/wollok/interpreter/core/WollokObject;)Lorg/uqbar/project/wollok/interpreter/core/WollokObject;+55
j  org.uqbar.project.wollok.interpreter.WollokInterpreterEvaluator._evaluate(Lorg/uqbar/project/wollok/wollokDsl/WFeatureCall;)Lorg/uqbar/project/wollok/interpreter/core/WollokObject;+119
j  org.uqbar.project.wollok.launch.WollokLauncherInterpreterEvaluator.evaluate(Lorg/eclipse/emf/ecore/EObject;)Lorg/uqbar/project/wollok/interpreter/core/WollokObject;+412
j  org.uqbar.project.wollok.interpreter.WollokInterpreterEvaluator.evaluate(Lorg/eclipse/emf/ecore/EObject;)Ljava/lang/Object;+2
j  org.uqbar.project.wollok.interpreter.WollokInterpreter.eval(Lorg/eclipse/emf/ecore/EObject;)Lorg/uqbar/project/wollok/interpreter/core/WollokObject;+63
j  org.uqbar.project.wollok.interpreter.WollokInterpreterEvaluator.eval(Lorg/eclipse/emf/ecore/EObject;)Lorg/uqbar/project/wollok/interpreter/core/WollokObject;+5
j  org.uqbar.project.wollok.interpreter.WollokInterpreterEvaluator$1.apply(Lorg/uqbar/project/wollok/interpreter/core/WollokObject;Lorg/eclipse/emf/ecore/EObject;)Lorg/uqbar/project/wollok/interpreter/core/WollokObject;+5
j  org.uqbar.project.wollok.interpreter.WollokInterpreterEvaluator$1.apply(Ljava/lang/Object;Ljava/lang/Object;)Ljava/lang/Object;+9
j  org.eclipse.xtext.xbase.lib.IteratorExtensions.fold(Ljava/util/Iterator;Ljava/lang/Object;Lorg/eclipse/xtext/xbase/lib/Functions$Function2;)Ljava/lang/Object;+19
j  org.eclipse.xtext.xbase.lib.IterableExtensions.fold(Ljava/lang/Iterable;Ljava/lang/Object;Lorg/eclipse/xtext/xbase/lib/Functions$Function2;)Ljava/lang/Object;+8
j  org.uqbar.project.wollok.interpreter.WollokInterpreterEvaluator.evalAll(Ljava/lang/Iterable;)Lorg/uqbar/project/wollok/interpreter/core/WollokObject;+12
j  org.uqbar.project.wollok.interpreter.WollokInterpreterEvaluator._evaluate(Lorg/uqbar/project/wollok/wollokDsl/WProgram;)Lorg/uqbar/project/wollok/interpreter/core/WollokObject;+18
j  org.uqbar.project.wollok.launch.WollokLauncherInterpreterEvaluator.evaluate(Lorg/eclipse/emf/ecore/EObject;)Lorg/uqbar/project/wollok/interpreter/core/WollokObject;+444
j  org.uqbar.project.wollok.interpreter.WollokInterpreterEvaluator.evaluate(Lorg/eclipse/emf/ecore/EObject;)Ljava/lang/Object;+2
j  org.uqbar.project.wollok.interpreter.WollokInterpreter.eval(Lorg/eclipse/emf/ecore/EObject;)Lorg/uqbar/project/wollok/interpreter/core/WollokObject;+63
j  org.uqbar.project.wollok.interpreter.WollokInterpreterEvaluator.eval(Lorg/eclipse/emf/ecore/EObject;)Lorg/uqbar/project/wollok/interpreter/core/WollokObject;+5
j  org.uqbar.project.wollok.launch.WollokLauncherInterpreterEvaluator._evaluate(Lorg/uqbar/project/wollok/wollokDsl/WFile;)Lorg/uqbar/project/wollok/interpreter/core/WollokObject;+32
j  org.uqbar.project.wollok.launch.WollokLauncherInterpreterEvaluator.evaluate(Lorg/eclipse/emf/ecore/EObject;)Lorg/uqbar/project/wollok/interpreter/core/WollokObject;+428
j  org.uqbar.project.wollok.interpreter.WollokInterpreterEvaluator.evaluate(Lorg/eclipse/emf/ecore/EObject;)Ljava/lang/Object;+2
j  org.uqbar.project.wollok.interpreter.WollokInterpreter.interpret(Lorg/eclipse/emf/ecore/EObject;Ljava/lang/Boolean;)Lorg/uqbar/project/wollok/interpreter/core/WollokObject;+25
j  org.uqbar.project.wollok.interpreter.WollokInterpreter.interpret(Lorg/eclipse/emf/ecore/EObject;)Lorg/uqbar/project/wollok/interpreter/core/WollokObject;+8
j  org.uqbar.project.wollok.launch.WollokLauncher.doSomething(Lorg/uqbar/project/wollok/wollokDsl/WFile;Lcom/google/inject/Injector;Ljava/io/File;Lorg/uqbar/project/wollok/launch/WollokLauncherParameters;)V+109
j  org.uqbar.project.wollok.launch.WollokChecker.launch(Ljava/lang/String;Lorg/uqbar/project/wollok/launch/WollokLauncherParameters;)V+31
j  org.uqbar.project.wollok.launch.WollokChecker.doMain([Ljava/lang/String;)V+205
j  org.uqbar.project.wollok.launch.WollokLauncher.main([Ljava/lang/String;)V+8
v  ~StubRoutines::call_stub

siginfo: EXCEPTION_ACCESS_VIOLATION (0xc0000005), reading address 0x000002b43f7d0004


Register to memory mapping:

RIP=0x000002b419721066 OpenAL64.dll
RAX=0x0000000000000004 is an unknown value
RBX=0x000002b442e00090 points into unknown readable memory: 0x0000000100000002 | 02 00 00 00 01 00 00 00
RCX=0x000002b43f7d0008 is an unknown value
RDX=0x000002b43f7d0004 is an unknown value
RSP=0x000000b4a52fc9f0 is pointing into the stack for thread: 0x000002b41980c800
RBP=0x00000000000000ff is an unknown value
RSI=0x000002b43f7cff5c points into unknown readable memory: 07 13 01 a2
RDI=0x0 is NULL
R8 =0x000000000000002a is an unknown value
R9 =0x000002b43f7cff5c points into unknown readable memory: 07 13 01 a2
R10=0x000002b421f6f748 is at code_begin+1000 in an Interpreter codelet
method entry point (kind = native)  [0x000002b421f6f360, 0x000002b421f6fe00]  2720 bytes
R11=0x000000070de0adb0 is an oop: java.lang.Class 
{0x000000070de0adb0} - klass: 'java/lang/Class'
R12=0x0000000000000001 is an unknown value
R13={method} {0x000002b442ab4a48} 'nalcCreateContext' '(JJ)J' in 'org/lwjgl/openal/ALC10'
R14=0x000000b4a52fcb90 is pointing into the stack for thread: 0x000002b41980c800
R15=0x000002b41980c800 is a thread


Registers:
RAX=0x0000000000000004, RBX=0x000002b442e00090, RCX=0x000002b43f7d0008, RDX=0x000002b43f7d0004
RSP=0x000000b4a52fc9f0, RBP=0x00000000000000ff, RSI=0x000002b43f7cff5c, RDI=0x0000000000000000
R8 =0x000000000000002a, R9 =0x000002b43f7cff5c, R10=0x000002b421f6f748, R11=0x000000070de0adb0
R12=0x0000000000000001, R13=0x000002b442ab4a40, R14=0x000000b4a52fcb90, R15=0x000002b41980c800
RIP=0x000002b419721066, EFLAGS=0x0000000000010202

Top of Stack: (sp=0x000000b4a52fc9f0)
0x000000b4a52fc9f0:   0000000200000004 0000000000000002
0x000000b4a52fca00:   000002b41980d030 0000002800000003
0x000000b4a52fca10:   000002b41980c800 000000b4a52fcb90
0x000000b4a52fca20:   000002b442ab4a40 00007fff6a2cf695
0x000000b4a52fca30:   0000000000001690 000002b43d9d5928
0x000000b4a52fca40:   000002b41980c800 000002b41980c800
0x000000b4a52fca50:   0000000000001690 00007fff6a056e2c
0x000000b4a52fca60:   000002b41980c800 000000b4a52fcb90
0x000000b4a52fca70:   000002b442ab4a40 0000000000000000
0x000000b4a52fca80:   000002b43f7cff5c 000002b43d9d5928
0x000000b4a52fca90:   000000b4a52fcb58 000002b41972248f
0x000000b4a52fcaa0:   000002b442e00090 000002b442e00090
0x000000b4a52fcab0:   000002b40000ac44 000002b400000004
0x000000b4a52fcac0:   0000000000001690 000002b421f6f777
0x000000b4a52fcad0:   000002b442ab4a40 000002b421f6f45c
0x000000b4a52fcae0:   000002b442ab4a40 000000b4a52fcb58 

Instructions: (pc=0x000002b419721066)
0x000002b419720f66:   b0 00 00 00 0f ba a3 fc 00 00 00 1f 44 89 9c 24
0x000002b419720f76:   b0 00 00 00 73 15 48 8b 83 f8 61 01 00 48 8b cb
0x000002b419720f86:   ff 50 20 44 8b 9c 24 b0 00 00 00 0f ba b3 fc 00
0x000002b419720f96:   00 00 1f 44 89 7b 38 44 89 6b 44 44 89 73 48 e9
0x000002b419720fa6:   56 01 00 00 83 3d 4f 94 04 00 02 0f 8c 8e fe ff
0x000002b419720fb6:   ff 4c 8d 05 a2 2c 03 00 e9 6f fe ff ff 48 3b d7
0x000002b419720fc6:   0f 84 3f 01 00 00 39 3a 0f 84 37 01 00 00 0f ba
0x000002b419720fd6:   a1 fc 00 00 00 1f 73 0a 48 8b 81 f8 61 01 00 ff
0x000002b419720fe6:   50 20 8b 43 38 0f ba b3 fc 00 00 00 1f 8b 6b 64
0x000002b419720ff6:   44 8b 63 68 89 84 24 c0 00 00 00 8b 43 6c 89 84
0x000002b419721006:   24 c8 00 00 00 4c 8b c7 39 3e 74 58 48 8b d6 48
0x000002b419721016:   8d 4e 04 81 3a 07 10 00 00 75 10 8b 01 83 8b fc
0x000002b419721026:   00 00 00 02 89 84 24 c0 00 00 00 81 3a 11 10 00
0x000002b419721036:   00 75 10 8b 6b 5c 44 8b 21 44 3b e5 44 0f 47 e5
0x000002b419721046:   41 2b ec 81 3a 03 00 02 00 75 09 8b 01 89 84 24
0x000002b419721056:   c8 00 00 00 49 83 c0 02 48 83 c1 08 4a 8d 14 86
0x000002b419721066:   39 3a 75 af 4c 8d 84 24 c0 00 00 00 48 8d 15 d7
0x000002b419721076:   2b 03 00 33 c9 e8 58 5f 00 00 b8 40 1f 00 00 4c
0x000002b419721086:   8d 84 24 c8 00 00 00 39 84 24 c0 00 00 00 48 8d
0x000002b419721096:   15 e9 2b 03 00 0f 47 84 24 c0 00 00 00 33 c9 89
0x000002b4197210a6:   84 24 c0 00 00 00 e8 27 5f 00 00 8b 43 3c 44 8b
0x000002b4197210b6:   84 24 c0 00 00 00 8b 4b 38 41 bb 04 00 00 00 44
0x000002b4197210c6:   39 9c 24 c8 00 00 00 44 0f 42 9c 24 c8 00 00 00
0x000002b4197210d6:   33 d2 44 89 9c 24 c8 00 00 00 49 0f af c0 48 f7
0x000002b4197210e6:   f1 89 43 3c f6 05 43 b6 04 00 01 74 09 83 c0 03
0x000002b4197210f6:   83 e0 fc 89 43 3c 44 89 43 38 44 89 5b 6c 44 89
0x000002b419721106:   63 68 89 6b 64 44 8b 9b fc 00 00 00 41 0f ba e3
0x000002b419721116:   1f 0f 82 6a 05 00 00 44 8b 6b 38 8b 6b 44 44 8b
0x000002b419721126:   63 48 41 bf 03 00 00 00 48 8d 35 5b 2b 03 00 4c
0x000002b419721136:   8d 35 80 dc 02 00 44 39 3d bd 92 04 00 0f 8c 81
0x000002b419721146:   00 00 00 4c 8d 15 88 28 03 00 4c 8d 35 f5 2a 03
0x000002b419721156:   00 41 f6 c3 02 4d 8b ca 41 8b cc 4d 0f 45 ce e8 


Stack slot to memory mapping:
stack at sp + 0 slots: 0x0000000200000004 is an unknown value
stack at sp + 1 slots: 0x0000000000000002 is an unknown value
stack at sp + 2 slots: 0x000002b41980d030 points into unknown readable memory: 0x6e616c2e6176616a | 6a 61 76 61 2e 6c 61 6e
stack at sp + 3 slots: 0x0000002800000003 is an unknown value
stack at sp + 4 slots: 0x000002b41980c800 is a thread
stack at sp + 5 slots: 0x000000b4a52fcb90 is pointing into the stack for thread: 0x000002b41980c800
stack at sp + 6 slots: {method} {0x000002b442ab4a48} 'nalcCreateContext' '(JJ)J' in 'org/lwjgl/openal/ALC10'
stack at sp + 7 slots: 0x00007fff6a2cf695 jvm.dll


---------------  P R O C E S S  ---------------

Threads class SMR info:
_java_thread_list=0x000002b43f3202d0, length=14, elements={
0x000002b41980c800, 0x000002b43d59b000, 0x000002b43d5a4000, 0x000002b43de9d800,
0x000002b43de9e800, 0x000002b43dea0800, 0x000002b43dea9000, 0x000002b43deaa000,
0x000002b43debe800, 0x000002b43e025800, 0x000002b43e09b800, 0x000002b43e8dc800,
0x000002b43f3f6800, 0x000002b43f335000
}

Java Threads: ( => current thread )
=>0x000002b41980c800 JavaThread "main" [_thread_in_native, id=13724, stack(0x000000b4a5200000,0x000000b4a5300000)]
  0x000002b43d59b000 JavaThread "Reference Handler" daemon [_thread_blocked, id=2816, stack(0x000000b4a5900000,0x000000b4a5a00000)]
  0x000002b43d5a4000 JavaThread "Finalizer" daemon [_thread_blocked, id=20896, stack(0x000000b4a5a00000,0x000000b4a5b00000)]
  0x000002b43de9d800 JavaThread "Signal Dispatcher" daemon [_thread_blocked, id=20088, stack(0x000000b4a5b00000,0x000000b4a5c00000)]
  0x000002b43de9e800 JavaThread "Attach Listener" daemon [_thread_blocked, id=6932, stack(0x000000b4a5c00000,0x000000b4a5d00000)]
  0x000002b43dea0800 JavaThread "Service Thread" daemon [_thread_blocked, id=4924, stack(0x000000b4a5d00000,0x000000b4a5e00000)]
  0x000002b43dea9000 JavaThread "C2 CompilerThread0" daemon [_thread_in_native, id=10880, stack(0x000000b4a5e00000,0x000000b4a5f00000)]
  0x000002b43deaa000 JavaThread "C1 CompilerThread0" daemon [_thread_blocked, id=16520, stack(0x000000b4a5f00000,0x000000b4a6000000)]
  0x000002b43debe800 JavaThread "Sweeper thread" daemon [_thread_blocked, id=10960, stack(0x000000b4a6000000,0x000000b4a6100000)]
  0x000002b43e025800 JavaThread "Common-Cleaner" daemon [_thread_blocked, id=13436, stack(0x000000b4a6200000,0x000000b4a6300000)]
  0x000002b43e09b800 JavaThread "C2 CompilerThread1" daemon [_thread_in_native, id=18436, stack(0x000000b4a6300000,0x000000b4a6400000)]
  0x000002b43e8dc800 JavaThread "C2 CompilerThread2" daemon [_thread_blocked, id=2216, stack(0x000000b4a6400000,0x000000b4a6500000)]
  0x000002b43f3f6800 JavaThread "EMF Reference Cleaner" daemon [_thread_blocked, id=2000, stack(0x000000b4a6b00000,0x000000b4a6c00000)]
  0x000002b43f335000 JavaThread "com.google.inject.internal.util.$Finalizer" daemon [_thread_blocked, id=4980, stack(0x000000b4a6c00000,0x000000b4a6d00000)]

Other Threads:
  0x000002b43d599000 VMThread "VM Thread" [stack: 0x000000b4a5800000,0x000000b4a5900000] [id=420]
  0x000002b43e013800 WatcherThread [stack: 0x000000b4a6100000,0x000000b4a6200000] [id=3012]
  0x000002b419824000 GCTaskThread "GC Thread#0" [stack: 0x000000b4a5300000,0x000000b4a5400000] [id=1572]
  0x000002b43e8b4000 GCTaskThread "GC Thread#1" [stack: 0x000000b4a6500000,0x000000b4a6600000] [id=18688]
  0x000002b43ea60800 GCTaskThread "GC Thread#2" [stack: 0x000000b4a6600000,0x000000b4a6700000] [id=16552]
  0x000002b43e63e800 GCTaskThread "GC Thread#3" [stack: 0x000000b4a6700000,0x000000b4a6800000] [id=13792]
  0x000002b43ed35000 GCTaskThread "GC Thread#4" [stack: 0x000000b4a6800000,0x000000b4a6900000] [id=6504]
  0x000002b43e925000 GCTaskThread "GC Thread#5" [stack: 0x000000b4a6900000,0x000000b4a6a00000] [id=14220]
  0x000002b419880000 ConcurrentGCThread "G1 Main Marker" [stack: 0x000000b4a5400000,0x000000b4a5500000] [id=20860]
  0x000002b419882000 ConcurrentGCThread "G1 Conc#0" [stack: 0x000000b4a5500000,0x000000b4a5600000] [id=144]
  0x000002b43f7da800 ConcurrentGCThread "G1 Conc#1" [stack: 0x000000b4a6d00000,0x000000b4a6e00000] [id=9984]
  0x000002b43d471800 ConcurrentGCThread "G1 Refine#0" [stack: 0x000000b4a5600000,0x000000b4a5700000] [id=21160]
  0x000002b43edcb000 ConcurrentGCThread "G1 Refine#1" [stack: 0x000000b4a6a00000,0x000000b4a6b00000] [id=21132]
  0x000002b43d473000 ConcurrentGCThread "G1 Young RemSet Sampling" [stack: 0x000000b4a5700000,0x000000b4a5800000] [id=20104]

Threads with active compile tasks:
C2 CompilerThread0     2514 3187       4       org.eclipse.xtext.util.OnChangeEvictingCache::get (75 bytes)
C2 CompilerThread1     2514 3200       4       org.eclipse.xtext.scoping.Scopes$2::apply (9 bytes)

VM state:not at safepoint (normal execution)

VM Mutex/Monitor currently owned by a thread:  ([mutex/lock_event])
[0x000002b419807c60] Compile_lock - owner thread: 0x000002b43dea9000
[0x000002b419807a20] MethodCompileQueue_lock - owner thread: 0x000002b43dea9000

Heap address: 0x0000000701000000, size: 4080 MB, Compressed Oops mode: Zero based, Oop shift amount: 3
Narrow klass base: 0x0000000800000000, Narrow klass shift: 0
Compressed class space size: 1073741824 Address: 0x0000000800000000

Heap:
 garbage-first heap   total 262144K, used 62349K [0x0000000701000000, 0x0000000800000000)
  region size 1024K, 50 young (51200K), 6 survivors (6144K)
 Metaspace       used 26356K, capacity 26588K, committed 26800K, reserved 1073152K
  class space    used 2961K, capacity 3038K, committed 3072K, reserved 1048576K
Heap Regions: E=young(eden), S=young(survivor), O=old, HS=humongous(starts), HC=humongous(continues), CS=collection set, F=free, A=archive, TAMS=top-at-mark-start (previous, next)
|   0|0x0000000701000000, 0x0000000701100000, 0x0000000701100000|100%| O|  |TAMS 0x0000000701100000, 0x0000000701000000| Untracked 
|   1|0x0000000701100000, 0x0000000701200000, 0x0000000701200000|100%| O|  |TAMS 0x0000000701200000, 0x0000000701100000| Untracked 
|   2|0x0000000701200000, 0x0000000701300000, 0x0000000701300000|100%| O|  |TAMS 0x0000000701300000, 0x0000000701200000| Untracked 
|   3|0x0000000701300000, 0x0000000701400000, 0x0000000701400000|100%| O|  |TAMS 0x0000000701400000, 0x0000000701300000| Untracked 
|   4|0x0000000701400000, 0x0000000701500000, 0x0000000701500000|100%| O|  |TAMS 0x0000000701500000, 0x0000000701400000| Untracked 
|   5|0x0000000701500000, 0x0000000701600000, 0x0000000701600000|100%| O|  |TAMS 0x0000000701600000, 0x0000000701500000| Untracked 
|   6|0x0000000701600000, 0x0000000701700000, 0x0000000701700000|100%| O|  |TAMS 0x0000000701700000, 0x0000000701600000| Untracked 
|   7|0x0000000701700000, 0x0000000701800000, 0x0000000701800000|100%| O|  |TAMS 0x0000000701800000, 0x0000000701700000| Untracked 
|   8|0x0000000701800000, 0x0000000701900000, 0x0000000701900000|100%| O|  |TAMS 0x0000000701900000, 0x0000000701800000| Untracked 
|   9|0x0000000701900000, 0x0000000701a00000, 0x0000000701a00000|100%| O|  |TAMS 0x0000000701a00000, 0x0000000701900000| Untracked 
|  10|0x0000000701a00000, 0x0000000701a00000, 0x0000000701b00000|  0%| F|  |TAMS 0x0000000701a00000, 0x0000000701a00000| Untracked 
|  11|0x0000000701b00000, 0x0000000701b00000, 0x0000000701c00000|  0%| F|  |TAMS 0x0000000701b00000, 0x0000000701b00000| Untracked 
|  12|0x0000000701c00000, 0x0000000701d00000, 0x0000000701d00000|100%| O|  |TAMS 0x0000000701d00000, 0x0000000701c00000| Untracked 
|  13|0x0000000701d00000, 0x0000000701e00000, 0x0000000701e00000|100%| O|  |TAMS 0x0000000701e00000, 0x0000000701d00000| Untracked 
|  14|0x0000000701e00000, 0x0000000701e00000, 0x0000000701f00000|  0%| F|  |TAMS 0x0000000701e00000, 0x0000000701e00000| Untracked 
|  15|0x0000000701f00000, 0x0000000701f00000, 0x0000000702000000|  0%| F|  |TAMS 0x0000000701f00000, 0x0000000701f00000| Untracked 
|  16|0x0000000702000000, 0x0000000702000000, 0x0000000702100000|  0%| F|  |TAMS 0x0000000702000000, 0x0000000702000000| Untracked 
|  17|0x0000000702100000, 0x0000000702100000, 0x0000000702200000|  0%| F|  |TAMS 0x0000000702100000, 0x0000000702100000| Untracked 
|  18|0x0000000702200000, 0x0000000702200000, 0x0000000702300000|  0%| F|  |TAMS 0x0000000702200000, 0x0000000702200000| Untracked 
|  19|0x0000000702300000, 0x0000000702300000, 0x0000000702400000|  0%| F|  |TAMS 0x0000000702300000, 0x0000000702300000| Untracked 
|  20|0x0000000702400000, 0x0000000702400000, 0x0000000702500000|  0%| F|  |TAMS 0x0000000702400000, 0x0000000702400000| Untracked 
|  21|0x0000000702500000, 0x0000000702500000, 0x0000000702600000|  0%| F|  |TAMS 0x0000000702500000, 0x0000000702500000| Untracked 
|  22|0x0000000702600000, 0x0000000702600000, 0x0000000702700000|  0%| F|  |TAMS 0x0000000702600000, 0x0000000702600000| Untracked 
|  23|0x0000000702700000, 0x0000000702700000, 0x0000000702800000|  0%| F|  |TAMS 0x0000000702700000, 0x0000000702700000| Untracked 
|  24|0x0000000702800000, 0x0000000702800000, 0x0000000702900000|  0%| F|  |TAMS 0x0000000702800000, 0x0000000702800000| Untracked 
|  25|0x0000000702900000, 0x0000000702900000, 0x0000000702a00000|  0%| F|  |TAMS 0x0000000702900000, 0x0000000702900000| Untracked 
|  26|0x0000000702a00000, 0x0000000702a00000, 0x0000000702b00000|  0%| F|  |TAMS 0x0000000702a00000, 0x0000000702a00000| Untracked 
|  27|0x0000000702b00000, 0x0000000702b00000, 0x0000000702c00000|  0%| F|  |TAMS 0x0000000702b00000, 0x0000000702b00000| Untracked 
|  28|0x0000000702c00000, 0x0000000702c00000, 0x0000000702d00000|  0%| F|  |TAMS 0x0000000702c00000, 0x0000000702c00000| Untracked 
|  29|0x0000000702d00000, 0x0000000702d00000, 0x0000000702e00000|  0%| F|  |TAMS 0x0000000702d00000, 0x0000000702d00000| Untracked 
|  30|0x0000000702e00000, 0x0000000702e00000, 0x0000000702f00000|  0%| F|  |TAMS 0x0000000702e00000, 0x0000000702e00000| Untracked 
|  31|0x0000000702f00000, 0x0000000702f00000, 0x0000000703000000|  0%| F|  |TAMS 0x0000000702f00000, 0x0000000702f00000| Untracked 
|  32|0x0000000703000000, 0x0000000703000000, 0x0000000703100000|  0%| F|  |TAMS 0x0000000703000000, 0x0000000703000000| Untracked 
|  33|0x0000000703100000, 0x0000000703100000, 0x0000000703200000|  0%| F|  |TAMS 0x0000000703100000, 0x0000000703100000| Untracked 
|  34|0x0000000703200000, 0x0000000703200000, 0x0000000703300000|  0%| F|  |TAMS 0x0000000703200000, 0x0000000703200000| Untracked 
|  35|0x0000000703300000, 0x0000000703300000, 0x0000000703400000|  0%| F|  |TAMS 0x0000000703300000, 0x0000000703300000| Untracked 
|  36|0x0000000703400000, 0x0000000703400000, 0x0000000703500000|  0%| F|  |TAMS 0x0000000703400000, 0x0000000703400000| Untracked 
|  37|0x0000000703500000, 0x0000000703500000, 0x0000000703600000|  0%| F|  |TAMS 0x0000000703500000, 0x0000000703500000| Untracked 
|  38|0x0000000703600000, 0x0000000703600000, 0x0000000703700000|  0%| F|  |TAMS 0x0000000703600000, 0x0000000703600000| Untracked 
|  39|0x0000000703700000, 0x0000000703700000, 0x0000000703800000|  0%| F|  |TAMS 0x0000000703700000, 0x0000000703700000| Untracked 
|  40|0x0000000703800000, 0x0000000703800000, 0x0000000703900000|  0%| F|  |TAMS 0x0000000703800000, 0x0000000703800000| Untracked 
|  41|0x0000000703900000, 0x0000000703900000, 0x0000000703a00000|  0%| F|  |TAMS 0x0000000703900000, 0x0000000703900000| Untracked 
|  42|0x0000000703a00000, 0x0000000703a00000, 0x0000000703b00000|  0%| F|  |TAMS 0x0000000703a00000, 0x0000000703a00000| Untracked 
|  43|0x0000000703b00000, 0x0000000703b00000, 0x0000000703c00000|  0%| F|  |TAMS 0x0000000703b00000, 0x0000000703b00000| Untracked 
|  44|0x0000000703c00000, 0x0000000703c00000, 0x0000000703d00000|  0%| F|  |TAMS 0x0000000703c00000, 0x0000000703c00000| Untracked 
|  45|0x0000000703d00000, 0x0000000703d00000, 0x0000000703e00000|  0%| F|  |TAMS 0x0000000703d00000, 0x0000000703d00000| Untracked 
|  46|0x0000000703e00000, 0x0000000703e00000, 0x0000000703f00000|  0%| F|  |TAMS 0x0000000703e00000, 0x0000000703e00000| Untracked 
|  47|0x0000000703f00000, 0x0000000703f00000, 0x0000000704000000|  0%| F|  |TAMS 0x0000000703f00000, 0x0000000703f00000| Untracked 
|  48|0x0000000704000000, 0x0000000704000000, 0x0000000704100000|  0%| F|  |TAMS 0x0000000704000000, 0x0000000704000000| Untracked 
|  49|0x0000000704100000, 0x0000000704100000, 0x0000000704200000|  0%| F|  |TAMS 0x0000000704100000, 0x0000000704100000| Untracked 
|  50|0x0000000704200000, 0x0000000704200000, 0x0000000704300000|  0%| F|  |TAMS 0x0000000704200000, 0x0000000704200000| Untracked 
|  51|0x0000000704300000, 0x0000000704300000, 0x0000000704400000|  0%| F|  |TAMS 0x0000000704300000, 0x0000000704300000| Untracked 
|  52|0x0000000704400000, 0x0000000704400000, 0x0000000704500000|  0%| F|  |TAMS 0x0000000704400000, 0x0000000704400000| Untracked 
|  53|0x0000000704500000, 0x0000000704500000, 0x0000000704600000|  0%| F|  |TAMS 0x0000000704500000, 0x0000000704500000| Untracked 
|  54|0x0000000704600000, 0x0000000704600000, 0x0000000704700000|  0%| F|  |TAMS 0x0000000704600000, 0x0000000704600000| Untracked 
|  55|0x0000000704700000, 0x0000000704700000, 0x0000000704800000|  0%| F|  |TAMS 0x0000000704700000, 0x0000000704700000| Untracked 
|  56|0x0000000704800000, 0x0000000704800000, 0x0000000704900000|  0%| F|  |TAMS 0x0000000704800000, 0x0000000704800000| Untracked 
|  57|0x0000000704900000, 0x0000000704900000, 0x0000000704a00000|  0%| F|  |TAMS 0x0000000704900000, 0x0000000704900000| Untracked 
|  58|0x0000000704a00000, 0x0000000704a00000, 0x0000000704b00000|  0%| F|  |TAMS 0x0000000704a00000, 0x0000000704a00000| Untracked 
|  59|0x0000000704b00000, 0x0000000704b00000, 0x0000000704c00000|  0%| F|  |TAMS 0x0000000704b00000, 0x0000000704b00000| Untracked 
|  60|0x0000000704c00000, 0x0000000704c00000, 0x0000000704d00000|  0%| F|  |TAMS 0x0000000704c00000, 0x0000000704c00000| Untracked 
|  61|0x0000000704d00000, 0x0000000704d00000, 0x0000000704e00000|  0%| F|  |TAMS 0x0000000704d00000, 0x0000000704d00000| Untracked 
|  62|0x0000000704e00000, 0x0000000704e00000, 0x0000000704f00000|  0%| F|  |TAMS 0x0000000704e00000, 0x0000000704e00000| Untracked 
|  63|0x0000000704f00000, 0x0000000704f00000, 0x0000000705000000|  0%| F|  |TAMS 0x0000000704f00000, 0x0000000704f00000| Untracked 
|  64|0x0000000705000000, 0x0000000705000000, 0x0000000705100000|  0%| F|  |TAMS 0x0000000705000000, 0x0000000705000000| Untracked 
|  65|0x0000000705100000, 0x0000000705100000, 0x0000000705200000|  0%| F|  |TAMS 0x0000000705100000, 0x0000000705100000| Untracked 
|  66|0x0000000705200000, 0x0000000705200000, 0x0000000705300000|  0%| F|  |TAMS 0x0000000705200000, 0x0000000705200000| Untracked 
|  67|0x0000000705300000, 0x0000000705300000, 0x0000000705400000|  0%| F|  |TAMS 0x0000000705300000, 0x0000000705300000| Untracked 
|  68|0x0000000705400000, 0x0000000705400000, 0x0000000705500000|  0%| F|  |TAMS 0x0000000705400000, 0x0000000705400000| Untracked 
|  69|0x0000000705500000, 0x0000000705500000, 0x0000000705600000|  0%| F|  |TAMS 0x0000000705500000, 0x0000000705500000| Untracked 
|  70|0x0000000705600000, 0x0000000705600000, 0x0000000705700000|  0%| F|  |TAMS 0x0000000705600000, 0x0000000705600000| Untracked 
|  71|0x0000000705700000, 0x0000000705700000, 0x0000000705800000|  0%| F|  |TAMS 0x0000000705700000, 0x0000000705700000| Untracked 
|  72|0x0000000705800000, 0x0000000705800000, 0x0000000705900000|  0%| F|  |TAMS 0x0000000705800000, 0x0000000705800000| Untracked 
|  73|0x0000000705900000, 0x0000000705900000, 0x0000000705a00000|  0%| F|  |TAMS 0x0000000705900000, 0x0000000705900000| Untracked 
|  74|0x0000000705a00000, 0x0000000705a00000, 0x0000000705b00000|  0%| F|  |TAMS 0x0000000705a00000, 0x0000000705a00000| Untracked 
|  75|0x0000000705b00000, 0x0000000705b00000, 0x0000000705c00000|  0%| F|  |TAMS 0x0000000705b00000, 0x0000000705b00000| Untracked 
|  76|0x0000000705c00000, 0x0000000705c00000, 0x0000000705d00000|  0%| F|  |TAMS 0x0000000705c00000, 0x0000000705c00000| Untracked 
|  77|0x0000000705d00000, 0x0000000705d00000, 0x0000000705e00000|  0%| F|  |TAMS 0x0000000705d00000, 0x0000000705d00000| Untracked 
|  78|0x0000000705e00000, 0x0000000705e00000, 0x0000000705f00000|  0%| F|  |TAMS 0x0000000705e00000, 0x0000000705e00000| Untracked 
|  79|0x0000000705f00000, 0x0000000705f00000, 0x0000000706000000|  0%| F|  |TAMS 0x0000000705f00000, 0x0000000705f00000| Untracked 
|  80|0x0000000706000000, 0x0000000706000000, 0x0000000706100000|  0%| F|  |TAMS 0x0000000706000000, 0x0000000706000000| Untracked 
|  81|0x0000000706100000, 0x0000000706100000, 0x0000000706200000|  0%| F|  |TAMS 0x0000000706100000, 0x0000000706100000| Untracked 
|  82|0x0000000706200000, 0x0000000706200000, 0x0000000706300000|  0%| F|  |TAMS 0x0000000706200000, 0x0000000706200000| Untracked 
|  83|0x0000000706300000, 0x0000000706300000, 0x0000000706400000|  0%| F|  |TAMS 0x0000000706300000, 0x0000000706300000| Untracked 
|  84|0x0000000706400000, 0x0000000706400000, 0x0000000706500000|  0%| F|  |TAMS 0x0000000706400000, 0x0000000706400000| Untracked 
|  85|0x0000000706500000, 0x0000000706500000, 0x0000000706600000|  0%| F|  |TAMS 0x0000000706500000, 0x0000000706500000| Untracked 
|  86|0x0000000706600000, 0x0000000706600000, 0x0000000706700000|  0%| F|  |TAMS 0x0000000706600000, 0x0000000706600000| Untracked 
|  87|0x0000000706700000, 0x0000000706700000, 0x0000000706800000|  0%| F|  |TAMS 0x0000000706700000, 0x0000000706700000| Untracked 
|  88|0x0000000706800000, 0x0000000706800000, 0x0000000706900000|  0%| F|  |TAMS 0x0000000706800000, 0x0000000706800000| Untracked 
|  89|0x0000000706900000, 0x0000000706900000, 0x0000000706a00000|  0%| F|  |TAMS 0x0000000706900000, 0x0000000706900000| Untracked 
|  90|0x0000000706a00000, 0x0000000706a00000, 0x0000000706b00000|  0%| F|  |TAMS 0x0000000706a00000, 0x0000000706a00000| Untracked 
|  91|0x0000000706b00000, 0x0000000706b00000, 0x0000000706c00000|  0%| F|  |TAMS 0x0000000706b00000, 0x0000000706b00000| Untracked 
|  92|0x0000000706c00000, 0x0000000706c00000, 0x0000000706d00000|  0%| F|  |TAMS 0x0000000706c00000, 0x0000000706c00000| Untracked 
|  93|0x0000000706d00000, 0x0000000706d00000, 0x0000000706e00000|  0%| F|  |TAMS 0x0000000706d00000, 0x0000000706d00000| Untracked 
|  94|0x0000000706e00000, 0x0000000706e00000, 0x0000000706f00000|  0%| F|  |TAMS 0x0000000706e00000, 0x0000000706e00000| Untracked 
|  95|0x0000000706f00000, 0x0000000706f00000, 0x0000000707000000|  0%| F|  |TAMS 0x0000000706f00000, 0x0000000706f00000| Untracked 
|  96|0x0000000707000000, 0x0000000707000000, 0x0000000707100000|  0%| F|  |TAMS 0x0000000707000000, 0x0000000707000000| Untracked 
|  97|0x0000000707100000, 0x0000000707100000, 0x0000000707200000|  0%| F|  |TAMS 0x0000000707100000, 0x0000000707100000| Untracked 
|  98|0x0000000707200000, 0x0000000707200000, 0x0000000707300000|  0%| F|  |TAMS 0x0000000707200000, 0x0000000707200000| Untracked 
|  99|0x0000000707300000, 0x0000000707300000, 0x0000000707400000|  0%| F|  |TAMS 0x0000000707300000, 0x0000000707300000| Untracked 
| 100|0x0000000707400000, 0x0000000707400000, 0x0000000707500000|  0%| F|  |TAMS 0x0000000707400000, 0x0000000707400000| Untracked 
| 101|0x0000000707500000, 0x0000000707500000, 0x0000000707600000|  0%| F|  |TAMS 0x0000000707500000, 0x0000000707500000| Untracked 
| 102|0x0000000707600000, 0x0000000707600000, 0x0000000707700000|  0%| F|  |TAMS 0x0000000707600000, 0x0000000707600000| Untracked 
| 103|0x0000000707700000, 0x0000000707700000, 0x0000000707800000|  0%| F|  |TAMS 0x0000000707700000, 0x0000000707700000| Untracked 
| 104|0x0000000707800000, 0x0000000707800000, 0x0000000707900000|  0%| F|  |TAMS 0x0000000707800000, 0x0000000707800000| Untracked 
| 105|0x0000000707900000, 0x0000000707900000, 0x0000000707a00000|  0%| F|  |TAMS 0x0000000707900000, 0x0000000707900000| Untracked 
| 106|0x0000000707a00000, 0x0000000707a00000, 0x0000000707b00000|  0%| F|  |TAMS 0x0000000707a00000, 0x0000000707a00000| Untracked 
| 107|0x0000000707b00000, 0x0000000707b00000, 0x0000000707c00000|  0%| F|  |TAMS 0x0000000707b00000, 0x0000000707b00000| Untracked 
| 108|0x0000000707c00000, 0x0000000707c00000, 0x0000000707d00000|  0%| F|  |TAMS 0x0000000707c00000, 0x0000000707c00000| Untracked 
| 109|0x0000000707d00000, 0x0000000707d00000, 0x0000000707e00000|  0%| F|  |TAMS 0x0000000707d00000, 0x0000000707d00000| Untracked 
| 110|0x0000000707e00000, 0x0000000707e00000, 0x0000000707f00000|  0%| F|  |TAMS 0x0000000707e00000, 0x0000000707e00000| Untracked 
| 111|0x0000000707f00000, 0x0000000707f00000, 0x0000000708000000|  0%| F|  |TAMS 0x0000000707f00000, 0x0000000707f00000| Untracked 
| 112|0x0000000708000000, 0x0000000708000000, 0x0000000708100000|  0%| F|  |TAMS 0x0000000708000000, 0x0000000708000000| Untracked 
| 113|0x0000000708100000, 0x0000000708100000, 0x0000000708200000|  0%| F|  |TAMS 0x0000000708100000, 0x0000000708100000| Untracked 
| 114|0x0000000708200000, 0x0000000708200000, 0x0000000708300000|  0%| F|  |TAMS 0x0000000708200000, 0x0000000708200000| Untracked 
| 115|0x0000000708300000, 0x0000000708300000, 0x0000000708400000|  0%| F|  |TAMS 0x0000000708300000, 0x0000000708300000| Untracked 
| 116|0x0000000708400000, 0x0000000708400000, 0x0000000708500000|  0%| F|  |TAMS 0x0000000708400000, 0x0000000708400000| Untracked 
| 117|0x0000000708500000, 0x0000000708500000, 0x0000000708600000|  0%| F|  |TAMS 0x0000000708500000, 0x0000000708500000| Untracked 
| 118|0x0000000708600000, 0x0000000708600000, 0x0000000708700000|  0%| F|  |TAMS 0x0000000708600000, 0x0000000708600000| Untracked 
| 119|0x0000000708700000, 0x0000000708700000, 0x0000000708800000|  0%| F|  |TAMS 0x0000000708700000, 0x0000000708700000| Untracked 
| 120|0x0000000708800000, 0x0000000708800000, 0x0000000708900000|  0%| F|  |TAMS 0x0000000708800000, 0x0000000708800000| Untracked 
| 121|0x0000000708900000, 0x0000000708900000, 0x0000000708a00000|  0%| F|  |TAMS 0x0000000708900000, 0x0000000708900000| Untracked 
| 122|0x0000000708a00000, 0x0000000708a00000, 0x0000000708b00000|  0%| F|  |TAMS 0x0000000708a00000, 0x0000000708a00000| Untracked 
| 123|0x0000000708b00000, 0x0000000708b00000, 0x0000000708c00000|  0%| F|  |TAMS 0x0000000708b00000, 0x0000000708b00000| Untracked 
| 124|0x0000000708c00000, 0x0000000708c00000, 0x0000000708d00000|  0%| F|  |TAMS 0x0000000708c00000, 0x0000000708c00000| Untracked 
| 125|0x0000000708d00000, 0x0000000708d00000, 0x0000000708e00000|  0%| F|  |TAMS 0x0000000708d00000, 0x0000000708d00000| Untracked 
| 126|0x0000000708e00000, 0x0000000708e00000, 0x0000000708f00000|  0%| F|  |TAMS 0x0000000708e00000, 0x0000000708e00000| Untracked 
| 127|0x0000000708f00000, 0x0000000708f00000, 0x0000000709000000|  0%| F|  |TAMS 0x0000000708f00000, 0x0000000708f00000| Untracked 
| 128|0x0000000709000000, 0x0000000709000000, 0x0000000709100000|  0%| F|  |TAMS 0x0000000709000000, 0x0000000709000000| Untracked 
| 129|0x0000000709100000, 0x0000000709100000, 0x0000000709200000|  0%| F|  |TAMS 0x0000000709100000, 0x0000000709100000| Untracked 
| 130|0x0000000709200000, 0x0000000709200000, 0x0000000709300000|  0%| F|  |TAMS 0x0000000709200000, 0x0000000709200000| Untracked 
| 131|0x0000000709300000, 0x0000000709300000, 0x0000000709400000|  0%| F|  |TAMS 0x0000000709300000, 0x0000000709300000| Untracked 
| 132|0x0000000709400000, 0x0000000709400000, 0x0000000709500000|  0%| F|  |TAMS 0x0000000709400000, 0x0000000709400000| Untracked 
| 133|0x0000000709500000, 0x0000000709500000, 0x0000000709600000|  0%| F|  |TAMS 0x0000000709500000, 0x0000000709500000| Untracked 
| 134|0x0000000709600000, 0x0000000709600000, 0x0000000709700000|  0%| F|  |TAMS 0x0000000709600000, 0x0000000709600000| Untracked 
| 135|0x0000000709700000, 0x0000000709700000, 0x0000000709800000|  0%| F|  |TAMS 0x0000000709700000, 0x0000000709700000| Untracked 
| 136|0x0000000709800000, 0x0000000709800000, 0x0000000709900000|  0%| F|  |TAMS 0x0000000709800000, 0x0000000709800000| Untracked 
| 137|0x0000000709900000, 0x0000000709900000, 0x0000000709a00000|  0%| F|  |TAMS 0x0000000709900000, 0x0000000709900000| Untracked 
| 138|0x0000000709a00000, 0x0000000709a00000, 0x0000000709b00000|  0%| F|  |TAMS 0x0000000709a00000, 0x0000000709a00000| Untracked 
| 139|0x0000000709b00000, 0x0000000709b00000, 0x0000000709c00000|  0%| F|  |TAMS 0x0000000709b00000, 0x0000000709b00000| Untracked 
| 140|0x0000000709c00000, 0x0000000709c00000, 0x0000000709d00000|  0%| F|  |TAMS 0x0000000709c00000, 0x0000000709c00000| Untracked 
| 141|0x0000000709d00000, 0x0000000709d00000, 0x0000000709e00000|  0%| F|  |TAMS 0x0000000709d00000, 0x0000000709d00000| Untracked 
| 142|0x0000000709e00000, 0x0000000709e00000, 0x0000000709f00000|  0%| F|  |TAMS 0x0000000709e00000, 0x0000000709e00000| Untracked 
| 143|0x0000000709f00000, 0x0000000709f00000, 0x000000070a000000|  0%| F|  |TAMS 0x0000000709f00000, 0x0000000709f00000| Untracked 
| 144|0x000000070a000000, 0x000000070a000000, 0x000000070a100000|  0%| F|  |TAMS 0x000000070a000000, 0x000000070a000000| Untracked 
| 145|0x000000070a100000, 0x000000070a100000, 0x000000070a200000|  0%| F|  |TAMS 0x000000070a100000, 0x000000070a100000| Untracked 
| 146|0x000000070a200000, 0x000000070a200000, 0x000000070a300000|  0%| F|  |TAMS 0x000000070a200000, 0x000000070a200000| Untracked 
| 147|0x000000070a300000, 0x000000070a300000, 0x000000070a400000|  0%| F|  |TAMS 0x000000070a300000, 0x000000070a300000| Untracked 
| 148|0x000000070a400000, 0x000000070a400000, 0x000000070a500000|  0%| F|  |TAMS 0x000000070a400000, 0x000000070a400000| Untracked 
| 149|0x000000070a500000, 0x000000070a500000, 0x000000070a600000|  0%| F|  |TAMS 0x000000070a500000, 0x000000070a500000| Untracked 
| 150|0x000000070a600000, 0x000000070a600000, 0x000000070a700000|  0%| F|  |TAMS 0x000000070a600000, 0x000000070a600000| Untracked 
| 151|0x000000070a700000, 0x000000070a700000, 0x000000070a800000|  0%| F|  |TAMS 0x000000070a700000, 0x000000070a700000| Untracked 
| 152|0x000000070a800000, 0x000000070a800000, 0x000000070a900000|  0%| F|  |TAMS 0x000000070a800000, 0x000000070a800000| Untracked 
| 153|0x000000070a900000, 0x000000070a900000, 0x000000070aa00000|  0%| F|  |TAMS 0x000000070a900000, 0x000000070a900000| Untracked 
| 154|0x000000070aa00000, 0x000000070aa00000, 0x000000070ab00000|  0%| F|  |TAMS 0x000000070aa00000, 0x000000070aa00000| Untracked 
| 155|0x000000070ab00000, 0x000000070ab00000, 0x000000070ac00000|  0%| F|  |TAMS 0x000000070ab00000, 0x000000070ab00000| Untracked 
| 156|0x000000070ac00000, 0x000000070ac00000, 0x000000070ad00000|  0%| F|  |TAMS 0x000000070ac00000, 0x000000070ac00000| Untracked 
| 157|0x000000070ad00000, 0x000000070ad00000, 0x000000070ae00000|  0%| F|  |TAMS 0x000000070ad00000, 0x000000070ad00000| Untracked 
| 158|0x000000070ae00000, 0x000000070ae00000, 0x000000070af00000|  0%| F|  |TAMS 0x000000070ae00000, 0x000000070ae00000| Untracked 
| 159|0x000000070af00000, 0x000000070af00000, 0x000000070b000000|  0%| F|  |TAMS 0x000000070af00000, 0x000000070af00000| Untracked 
| 160|0x000000070b000000, 0x000000070b000000, 0x000000070b100000|  0%| F|  |TAMS 0x000000070b000000, 0x000000070b000000| Untracked 
| 161|0x000000070b100000, 0x000000070b100000, 0x000000070b200000|  0%| F|  |TAMS 0x000000070b100000, 0x000000070b100000| Untracked 
| 162|0x000000070b200000, 0x000000070b200000, 0x000000070b300000|  0%| F|  |TAMS 0x000000070b200000, 0x000000070b200000| Untracked 
| 163|0x000000070b300000, 0x000000070b300000, 0x000000070b400000|  0%| F|  |TAMS 0x000000070b300000, 0x000000070b300000| Untracked 
| 164|0x000000070b400000, 0x000000070b400000, 0x000000070b500000|  0%| F|  |TAMS 0x000000070b400000, 0x000000070b400000| Untracked 
| 165|0x000000070b500000, 0x000000070b500000, 0x000000070b600000|  0%| F|  |TAMS 0x000000070b500000, 0x000000070b500000| Untracked 
| 166|0x000000070b600000, 0x000000070b600000, 0x000000070b700000|  0%| F|  |TAMS 0x000000070b600000, 0x000000070b600000| Untracked 
| 167|0x000000070b700000, 0x000000070b700000, 0x000000070b800000|  0%| F|  |TAMS 0x000000070b700000, 0x000000070b700000| Untracked 
| 168|0x000000070b800000, 0x000000070b800000, 0x000000070b900000|  0%| F|  |TAMS 0x000000070b800000, 0x000000070b800000| Untracked 
| 169|0x000000070b900000, 0x000000070b900000, 0x000000070ba00000|  0%| F|  |TAMS 0x000000070b900000, 0x000000070b900000| Untracked 
| 170|0x000000070ba00000, 0x000000070ba00000, 0x000000070bb00000|  0%| F|  |TAMS 0x000000070ba00000, 0x000000070ba00000| Untracked 
| 171|0x000000070bb00000, 0x000000070bb00000, 0x000000070bc00000|  0%| F|  |TAMS 0x000000070bb00000, 0x000000070bb00000| Untracked 
| 172|0x000000070bc00000, 0x000000070bc00000, 0x000000070bd00000|  0%| F|  |TAMS 0x000000070bc00000, 0x000000070bc00000| Untracked 
| 173|0x000000070bd00000, 0x000000070bd00000, 0x000000070be00000|  0%| F|  |TAMS 0x000000070bd00000, 0x000000070bd00000| Untracked 
| 174|0x000000070be00000, 0x000000070be00000, 0x000000070bf00000|  0%| F|  |TAMS 0x000000070be00000, 0x000000070be00000| Untracked 
| 175|0x000000070bf00000, 0x000000070bf00000, 0x000000070c000000|  0%| F|  |TAMS 0x000000070bf00000, 0x000000070bf00000| Untracked 
| 176|0x000000070c000000, 0x000000070c000000, 0x000000070c100000|  0%| F|  |TAMS 0x000000070c000000, 0x000000070c000000| Untracked 
| 177|0x000000070c100000, 0x000000070c100000, 0x000000070c200000|  0%| F|  |TAMS 0x000000070c100000, 0x000000070c100000| Untracked 
| 178|0x000000070c200000, 0x000000070c200000, 0x000000070c300000|  0%| F|  |TAMS 0x000000070c200000, 0x000000070c200000| Untracked 
| 179|0x000000070c300000, 0x000000070c300000, 0x000000070c400000|  0%| F|  |TAMS 0x000000070c300000, 0x000000070c300000| Untracked 
| 180|0x000000070c400000, 0x000000070c400000, 0x000000070c500000|  0%| F|  |TAMS 0x000000070c400000, 0x000000070c400000| Untracked 
| 181|0x000000070c500000, 0x000000070c500000, 0x000000070c600000|  0%| F|  |TAMS 0x000000070c500000, 0x000000070c500000| Untracked 
| 182|0x000000070c600000, 0x000000070c600000, 0x000000070c700000|  0%| F|  |TAMS 0x000000070c600000, 0x000000070c600000| Untracked 
| 183|0x000000070c700000, 0x000000070c700000, 0x000000070c800000|  0%| F|  |TAMS 0x000000070c700000, 0x000000070c700000| Untracked 
| 184|0x000000070c800000, 0x000000070c800000, 0x000000070c900000|  0%| F|  |TAMS 0x000000070c800000, 0x000000070c800000| Untracked 
| 185|0x000000070c900000, 0x000000070c900000, 0x000000070ca00000|  0%| F|  |TAMS 0x000000070c900000, 0x000000070c900000| Untracked 
| 186|0x000000070ca00000, 0x000000070ca00000, 0x000000070cb00000|  0%| F|  |TAMS 0x000000070ca00000, 0x000000070ca00000| Untracked 
| 187|0x000000070cb00000, 0x000000070cb00000, 0x000000070cc00000|  0%| F|  |TAMS 0x000000070cb00000, 0x000000070cb00000| Untracked 
| 188|0x000000070cc00000, 0x000000070cc00000, 0x000000070cd00000|  0%| F|  |TAMS 0x000000070cc00000, 0x000000070cc00000| Untracked 
| 189|0x000000070cd00000, 0x000000070cd00000, 0x000000070ce00000|  0%| F|  |TAMS 0x000000070cd00000, 0x000000070cd00000| Untracked 
| 190|0x000000070ce00000, 0x000000070ce00000, 0x000000070cf00000|  0%| F|  |TAMS 0x000000070ce00000, 0x000000070ce00000| Untracked 
| 191|0x000000070cf00000, 0x000000070cf00000, 0x000000070d000000|  0%| F|  |TAMS 0x000000070cf00000, 0x000000070cf00000| Untracked 
| 192|0x000000070d000000, 0x000000070d000000, 0x000000070d100000|  0%| F|  |TAMS 0x000000070d000000, 0x000000070d000000| Untracked 
| 193|0x000000070d100000, 0x000000070d100000, 0x000000070d200000|  0%| F|  |TAMS 0x000000070d100000, 0x000000070d100000| Untracked 
| 194|0x000000070d200000, 0x000000070d200000, 0x000000070d300000|  0%| F|  |TAMS 0x000000070d200000, 0x000000070d200000| Untracked 
| 195|0x000000070d300000, 0x000000070d300000, 0x000000070d400000|  0%| F|  |TAMS 0x000000070d300000, 0x000000070d300000| Untracked 
| 196|0x000000070d400000, 0x000000070d400000, 0x000000070d500000|  0%| F|  |TAMS 0x000000070d400000, 0x000000070d400000| Untracked 
| 197|0x000000070d500000, 0x000000070d500000, 0x000000070d600000|  0%| F|  |TAMS 0x000000070d500000, 0x000000070d500000| Untracked 
| 198|0x000000070d600000, 0x000000070d600000, 0x000000070d700000|  0%| F|  |TAMS 0x000000070d600000, 0x000000070d600000| Untracked 
| 199|0x000000070d700000, 0x000000070d700000, 0x000000070d800000|  0%| F|  |TAMS 0x000000070d700000, 0x000000070d700000| Untracked 
| 200|0x000000070d800000, 0x000000070d800000, 0x000000070d900000|  0%| F|  |TAMS 0x000000070d800000, 0x000000070d800000| Untracked 
| 201|0x000000070d900000, 0x000000070d900000, 0x000000070da00000|  0%| F|  |TAMS 0x000000070d900000, 0x000000070d900000| Untracked 
| 202|0x000000070da00000, 0x000000070da00000, 0x000000070db00000|  0%| F|  |TAMS 0x000000070da00000, 0x000000070da00000| Untracked 
| 203|0x000000070db00000, 0x000000070db00000, 0x000000070dc00000|  0%| F|  |TAMS 0x000000070db00000, 0x000000070db00000| Untracked 
| 204|0x000000070dc00000, 0x000000070dc00000, 0x000000070dd00000|  0%| F|  |TAMS 0x000000070dc00000, 0x000000070dc00000| Untracked 
| 205|0x000000070dd00000, 0x000000070dd00000, 0x000000070de00000|  0%| F|  |TAMS 0x000000070dd00000, 0x000000070dd00000| Untracked 
| 206|0x000000070de00000, 0x000000070de82c48, 0x000000070df00000| 51%| E|  |TAMS 0x000000070de00000, 0x000000070de00000| Complete 
| 207|0x000000070df00000, 0x000000070e000000, 0x000000070e000000|100%| E|CS|TAMS 0x000000070df00000, 0x000000070df00000| Complete 
| 208|0x000000070e000000, 0x000000070e100000, 0x000000070e100000|100%| E|CS|TAMS 0x000000070e000000, 0x000000070e000000| Complete 
| 209|0x000000070e100000, 0x000000070e200000, 0x000000070e200000|100%| E|CS|TAMS 0x000000070e100000, 0x000000070e100000| Complete 
| 210|0x000000070e200000, 0x000000070e300000, 0x000000070e300000|100%| E|CS|TAMS 0x000000070e200000, 0x000000070e200000| Complete 
| 211|0x000000070e300000, 0x000000070e400000, 0x000000070e400000|100%| E|CS|TAMS 0x000000070e300000, 0x000000070e300000| Complete 
| 212|0x000000070e400000, 0x000000070e500000, 0x000000070e500000|100%| E|CS|TAMS 0x000000070e400000, 0x000000070e400000| Complete 
| 213|0x000000070e500000, 0x000000070e600000, 0x000000070e600000|100%| E|CS|TAMS 0x000000070e500000, 0x000000070e500000| Complete 
| 214|0x000000070e600000, 0x000000070e700000, 0x000000070e700000|100%| E|CS|TAMS 0x000000070e600000, 0x000000070e600000| Complete 
| 215|0x000000070e700000, 0x000000070e800000, 0x000000070e800000|100%| E|CS|TAMS 0x000000070e700000, 0x000000070e700000| Complete 
| 216|0x000000070e800000, 0x000000070e900000, 0x000000070e900000|100%| E|CS|TAMS 0x000000070e800000, 0x000000070e800000| Complete 
| 217|0x000000070e900000, 0x000000070ea00000, 0x000000070ea00000|100%| E|CS|TAMS 0x000000070e900000, 0x000000070e900000| Complete 
| 218|0x000000070ea00000, 0x000000070eb00000, 0x000000070eb00000|100%| E|CS|TAMS 0x000000070ea00000, 0x000000070ea00000| Complete 
| 219|0x000000070eb00000, 0x000000070ec00000, 0x000000070ec00000|100%| E|CS|TAMS 0x000000070eb00000, 0x000000070eb00000| Complete 
| 220|0x000000070ec00000, 0x000000070ed00000, 0x000000070ed00000|100%| E|CS|TAMS 0x000000070ec00000, 0x000000070ec00000| Complete 
| 221|0x000000070ed00000, 0x000000070ee00000, 0x000000070ee00000|100%| E|CS|TAMS 0x000000070ed00000, 0x000000070ed00000| Complete 
| 222|0x000000070ee00000, 0x000000070ef00000, 0x000000070ef00000|100%| E|CS|TAMS 0x000000070ee00000, 0x000000070ee00000| Complete 
| 223|0x000000070ef00000, 0x000000070f000000, 0x000000070f000000|100%| E|CS|TAMS 0x000000070ef00000, 0x000000070ef00000| Complete 
| 224|0x000000070f000000, 0x000000070f100000, 0x000000070f100000|100%| E|CS|TAMS 0x000000070f000000, 0x000000070f000000| Complete 
| 225|0x000000070f100000, 0x000000070f200000, 0x000000070f200000|100%| E|CS|TAMS 0x000000070f100000, 0x000000070f100000| Complete 
| 226|0x000000070f200000, 0x000000070f300000, 0x000000070f300000|100%| E|CS|TAMS 0x000000070f200000, 0x000000070f200000| Complete 
| 227|0x000000070f300000, 0x000000070f400000, 0x000000070f400000|100%| E|CS|TAMS 0x000000070f300000, 0x000000070f300000| Complete 
| 228|0x000000070f400000, 0x000000070f500000, 0x000000070f500000|100%| E|CS|TAMS 0x000000070f400000, 0x000000070f400000| Complete 
| 229|0x000000070f500000, 0x000000070f600000, 0x000000070f600000|100%| E|CS|TAMS 0x000000070f500000, 0x000000070f500000| Complete 
| 230|0x000000070f600000, 0x000000070f700000, 0x000000070f700000|100%| E|CS|TAMS 0x000000070f600000, 0x000000070f600000| Complete 
| 231|0x000000070f700000, 0x000000070f800000, 0x000000070f800000|100%| E|CS|TAMS 0x000000070f700000, 0x000000070f700000| Complete 
| 232|0x000000070f800000, 0x000000070f900000, 0x000000070f900000|100%| E|CS|TAMS 0x000000070f800000, 0x000000070f800000| Complete 
| 233|0x000000070f900000, 0x000000070fa00000, 0x000000070fa00000|100%| E|CS|TAMS 0x000000070f900000, 0x000000070f900000| Complete 
| 234|0x000000070fa00000, 0x000000070fb00000, 0x000000070fb00000|100%| E|CS|TAMS 0x000000070fa00000, 0x000000070fa00000| Complete 
| 235|0x000000070fb00000, 0x000000070fc00000, 0x000000070fc00000|100%| E|CS|TAMS 0x000000070fb00000, 0x000000070fb00000| Complete 
| 236|0x000000070fc00000, 0x000000070fd00000, 0x000000070fd00000|100%| E|CS|TAMS 0x000000070fc00000, 0x000000070fc00000| Complete 
| 237|0x000000070fd00000, 0x000000070fe00000, 0x000000070fe00000|100%| E|CS|TAMS 0x000000070fd00000, 0x000000070fd00000| Complete 
| 238|0x000000070fe00000, 0x000000070ff00000, 0x000000070ff00000|100%| E|CS|TAMS 0x000000070fe00000, 0x000000070fe00000| Complete 
| 239|0x000000070ff00000, 0x0000000710000000, 0x0000000710000000|100%| E|CS|TAMS 0x000000070ff00000, 0x000000070ff00000| Complete 
| 240|0x0000000710000000, 0x0000000710100000, 0x0000000710100000|100%| E|CS|TAMS 0x0000000710000000, 0x0000000710000000| Complete 
| 241|0x0000000710100000, 0x0000000710200000, 0x0000000710200000|100%| E|CS|TAMS 0x0000000710100000, 0x0000000710100000| Complete 
| 242|0x0000000710200000, 0x0000000710300000, 0x0000000710300000|100%| E|CS|TAMS 0x0000000710200000, 0x0000000710200000| Complete 
| 243|0x0000000710300000, 0x0000000710400000, 0x0000000710400000|100%| E|CS|TAMS 0x0000000710300000, 0x0000000710300000| Complete 
| 244|0x0000000710400000, 0x0000000710500000, 0x0000000710500000|100%| E|CS|TAMS 0x0000000710400000, 0x0000000710400000| Complete 
| 245|0x0000000710500000, 0x0000000710600000, 0x0000000710600000|100%| E|CS|TAMS 0x0000000710500000, 0x0000000710500000| Complete 
| 246|0x0000000710600000, 0x0000000710700000, 0x0000000710700000|100%| E|CS|TAMS 0x0000000710600000, 0x0000000710600000| Complete 
| 247|0x0000000710700000, 0x00000007107e3560, 0x0000000710800000| 88%| S|CS|TAMS 0x0000000710700000, 0x0000000710700000| Complete 
| 248|0x0000000710800000, 0x0000000710900000, 0x0000000710900000|100%| S|CS|TAMS 0x0000000710800000, 0x0000000710800000| Complete 
| 249|0x0000000710900000, 0x0000000710a00000, 0x0000000710a00000|100%| S|CS|TAMS 0x0000000710900000, 0x0000000710900000| Complete 
| 250|0x0000000710a00000, 0x0000000710b00000, 0x0000000710b00000|100%| S|CS|TAMS 0x0000000710a00000, 0x0000000710a00000| Complete 
| 251|0x0000000710b00000, 0x0000000710c00000, 0x0000000710c00000|100%| S|CS|TAMS 0x0000000710b00000, 0x0000000710b00000| Complete 
| 252|0x0000000710c00000, 0x0000000710d00000, 0x0000000710d00000|100%| S|CS|TAMS 0x0000000710c00000, 0x0000000710c00000| Complete 
| 253|0x0000000710d00000, 0x0000000710e00000, 0x0000000710e00000|100%| E|CS|TAMS 0x0000000710d00000, 0x0000000710d00000| Complete 
| 254|0x0000000710e00000, 0x0000000710f00000, 0x0000000710f00000|100%| E|CS|TAMS 0x0000000710e00000, 0x0000000710e00000| Complete 
| 255|0x0000000710f00000, 0x0000000711000000, 0x0000000711000000|100%| E|CS|TAMS 0x0000000710f00000, 0x0000000710f00000| Complete 

Card table byte_map: [0x000002b431a90000,0x000002b432290000] _byte_map_base: 0x000002b42e288000

Marking Bits (Prev, Next): (CMBitMap*) 0x000002b41986f370, (CMBitMap*) 0x000002b41986f338
 Prev Bits: [0x000002b436a50000, 0x000002b43aa10000)
 Next Bits: [0x000002b432a90000, 0x000002b436a50000)

Polling page: 0x000002b4177a0000

Metaspace:

Usage:
  Non-class:     23.00 MB capacity,    22.85 MB (>99%) used,   123.45 KB ( <1%) free+waste,    31.69 KB ( <1%) overhead. 
      Class:      2.97 MB capacity,     2.89 MB ( 97%) used,    63.83 KB (  2%) free+waste,    12.31 KB ( <1%) overhead. 
       Both:     25.96 MB capacity,    25.74 MB (>99%) used,   187.27 KB ( <1%) free+waste,    44.00 KB ( <1%) overhead. 

Virtual space:
  Non-class space:       24.00 MB reserved,      23.17 MB ( 97%) committed 
      Class space:        1.00 GB reserved,       3.00 MB ( <1%) committed 
             Both:        1.02 GB reserved,      26.17 MB (  2%) committed 

Chunk freelists:
   Non-Class:  50.00 KB
       Class:  2.00 KB
        Both:  52.00 KB

MaxMetaspaceSize: 17179869184.00 GB
CompressedClassSpaceSize: 1.00 GB
Initial GC threshold: 20.80 MB
Current GC threshold: 34.87 MB
CDS: off

CodeHeap 'non-profiled nmethods': size=120000Kb used=1842Kb max_used=1842Kb free=118157Kb
 bounds [0x000002b429a30000, 0x000002b429ca0000, 0x000002b430f60000]
CodeHeap 'profiled nmethods': size=120000Kb used=7225Kb max_used=7225Kb free=112774Kb
 bounds [0x000002b422500000, 0x000002b422c10000, 0x000002b429a30000]
CodeHeap 'non-nmethods': size=5760Kb used=1225Kb max_used=1284Kb free=4534Kb
 bounds [0x000002b421f60000, 0x000002b4221d0000, 0x000002b422500000]
 total_blobs=4067 nmethods=3568 adapters=411
 compilation: enabled
              stopped_count=0, restarted_count=0
 full_count=0

Compilation events (20 events):
Event: 2.410 Thread 0x000002b43deaa000 3554       1       java.util.concurrent.atomic.AtomicLong::get (5 bytes)
Event: 2.410 Thread 0x000002b43deaa000 nmethod 3554 0x000002b429bd5e10 code [0x000002b429bd5fc0, 0x000002b429bd6078]
Event: 2.410 Thread 0x000002b43deaa000 3550       3       java.lang.StringCoding::encode (102 bytes)
Event: 2.411 Thread 0x000002b43deaa000 nmethod 3550 0x000002b422c09510 code [0x000002b422c09820, 0x000002b422c0a898]
Event: 2.414 Thread 0x000002b43deaa000 3565       3       java.io.FileInputStream::read (9 bytes)
Event: 2.414 Thread 0x000002b43deaa000 nmethod 3565 0x000002b422c0ae10 code [0x000002b422c0afc0, 0x000002b422c0b108]
Event: 2.415 Thread 0x000002b43deaa000 3566       3       jdk.internal.loader.URLClassPath::getResource (74 bytes)
Event: 2.415 Thread 0x000002b43deaa000 nmethod 3566 0x000002b422c0b210 code [0x000002b422c0b3e0, 0x000002b422c0b718]
Event: 2.418 Thread 0x000002b43deaa000 3567       3       java.io.WinNTFileSystem::normalize (143 bytes)
Event: 2.419 Thread 0x000002b43deaa000 nmethod 3567 0x000002b422c0b890 code [0x000002b422c0bb20, 0x000002b422c0c678]
Event: 2.425 Thread 0x000002b43deaa000 3568   !   3       java.nio.DirectByteBuffer::put (32 bytes)
Event: 2.425 Thread 0x000002b43deaa000 nmethod 3568 0x000002b422c0cb10 code [0x000002b422c0cce0, 0x000002b422c0cfd8]
Event: 2.425 Thread 0x000002b43deaa000 3569       3       jdk.internal.misc.Unsafe::putByte (8 bytes)
Event: 2.425 Thread 0x000002b43deaa000 nmethod 3569 0x000002b422c0d210 code [0x000002b422c0d3c0, 0x000002b422c0d4d8]
Event: 2.432 Thread 0x000002b43deaa000 3575       3       java.lang.invoke.MemberName::isMethod (7 bytes)
Event: 2.433 Thread 0x000002b43deaa000 nmethod 3575 0x000002b422c0d590 code [0x000002b422c0d740, 0x000002b422c0d978]
Event: 2.433 Thread 0x000002b43deaa000 3576       3       jdk.internal.org.objectweb.asm.MethodWriter::visitInsn (114 bytes)
Event: 2.433 Thread 0x000002b43deaa000 nmethod 3576 0x000002b422c0da90 code [0x000002b422c0dc80, 0x000002b422c0e0a8]
Event: 2.461 Thread 0x000002b43deaa000 3578       3       java.nio.DirectIntBufferU::ix (10 bytes)
Event: 2.461 Thread 0x000002b43deaa000 nmethod 3578 0x000002b422c0e290 code [0x000002b422c0e440, 0x000002b422c0e558]

GC Heap History (8 events):
Event: 0.467 GC heap before
{Heap before GC invocations=0 (full 0):
 garbage-first heap   total 262144K, used 24576K [0x0000000701000000, 0x0000000800000000)
  region size 1024K, 24 young (24576K), 0 survivors (0K)
 Metaspace       used 9937K, capacity 10044K, committed 10240K, reserved 1058816K
  class space    used 904K, capacity 960K, committed 1024K, reserved 1048576K
}
Event: 0.471 GC heap after
{Heap after GC invocations=1 (full 0):
 garbage-first heap   total 262144K, used 7116K [0x0000000701000000, 0x0000000800000000)
  region size 1024K, 3 young (3072K), 3 survivors (3072K)
 Metaspace       used 9937K, capacity 10044K, committed 10240K, reserved 1058816K
  class space    used 904K, capacity 960K, committed 1024K, reserved 1048576K
}
Event: 0.707 GC heap before
{Heap before GC invocations=1 (full 0):
 garbage-first heap   total 262144K, used 29644K [0x0000000701000000, 0x0000000800000000)
  region size 1024K, 25 young (25600K), 3 survivors (3072K)
 Metaspace       used 12658K, capacity 12801K, committed 13056K, reserved 1060864K
  class space    used 1206K, capacity 1259K, committed 1280K, reserved 1048576K
}
Event: 0.711 GC heap after
{Heap after GC invocations=2 (full 0):
 garbage-first heap   total 262144K, used 10480K [0x0000000701000000, 0x0000000800000000)
  region size 1024K, 4 young (4096K), 4 survivors (4096K)
 Metaspace       used 12658K, capacity 12801K, committed 13056K, reserved 1060864K
  class space    used 1206K, capacity 1259K, committed 1280K, reserved 1048576K
}
Event: 1.374 GC heap before
{Heap before GC invocations=2 (full 0):
 garbage-first heap   total 262144K, used 70896K [0x0000000701000000, 0x0000000800000000)
  region size 1024K, 58 young (59392K), 4 survivors (4096K)
 Metaspace       used 20465K, capacity 20679K, committed 20864K, reserved 1067008K
  class space    used 2269K, capacity 2338K, committed 2432K, reserved 1048576K
}
Event: 1.380 GC heap after
{Heap after GC invocations=3 (full 0):
 garbage-first heap   total 262144K, used 17345K [0x0000000701000000, 0x0000000800000000)
  region size 1024K, 8 young (8192K), 8 survivors (8192K)
 Metaspace       used 20465K, capacity 20679K, committed 20864K, reserved 1067008K
  class space    used 2269K, capacity 2338K, committed 2432K, reserved 1048576K
}
Event: 1.427 GC heap before
{Heap before GC invocations=3 (full 0):
 garbage-first heap   total 262144K, used 19393K [0x0000000701000000, 0x0000000800000000)
  region size 1024K, 11 young (11264K), 8 survivors (8192K)
 Metaspace       used 20923K, capacity 21127K, committed 21296K, reserved 1069056K
  class space    used 2345K, capacity 2402K, committed 2432K, reserved 1048576K
}
Event: 1.432 GC heap after
{Heap after GC invocations=4 (full 0):
 garbage-first heap   total 262144K, used 18317K [0x0000000701000000, 0x0000000800000000)
  region size 1024K, 6 young (6144K), 6 survivors (6144K)
 Metaspace       used 20923K, capacity 21127K, committed 21296K, reserved 1069056K
  class space    used 2345K, capacity 2402K, committed 2432K, reserved 1048576K
}

Deoptimization events (20 events):
Event: 2.090 Thread 0x000002b41980c800 Uncommon trap: trap_request=0xffffffc6 fr.pc=0x000002b429ba89bc relative=0x00000000000004bc
Event: 2.090 Thread 0x000002b41980c800 Uncommon trap: reason=bimorphic_or_optimized_type_check action=maybe_recompile pc=0x000002b429ba89bc method=com.google.common.collect.AbstractIterator.tryToComputeNext()Z @ 9 c2
Event: 2.090 Thread 0x000002b41980c800 DEOPT PACKING pc=0x000002b429ba89bc sp=0x000000b4a52fc7a0
Event: 2.090 Thread 0x000002b41980c800 DEOPT UNPACKING pc=0x000002b421faa1af sp=0x000000b4a52fc718 mode 2
Event: 2.091 Thread 0x000002b41980c800 Uncommon trap: trap_request=0xffffffc6 fr.pc=0x000002b429ba89bc relative=0x00000000000004bc
Event: 2.091 Thread 0x000002b41980c800 Uncommon trap: reason=bimorphic_or_optimized_type_check action=maybe_recompile pc=0x000002b429ba89bc method=com.google.common.collect.AbstractIterator.tryToComputeNext()Z @ 9 c2
Event: 2.091 Thread 0x000002b41980c800 DEOPT PACKING pc=0x000002b429ba89bc sp=0x000000b4a52fcb60
Event: 2.091 Thread 0x000002b41980c800 DEOPT UNPACKING pc=0x000002b421faa1af sp=0x000000b4a52fcad8 mode 2
Event: 2.091 Thread 0x000002b41980c800 Uncommon trap: trap_request=0xffffffc6 fr.pc=0x000002b429ba89bc relative=0x00000000000004bc
Event: 2.091 Thread 0x000002b41980c800 Uncommon trap: reason=bimorphic_or_optimized_type_check action=maybe_recompile pc=0x000002b429ba89bc method=com.google.common.collect.AbstractIterator.tryToComputeNext()Z @ 9 c2
Event: 2.091 Thread 0x000002b41980c800 DEOPT PACKING pc=0x000002b429ba89bc sp=0x000000b4a52fcb60
Event: 2.091 Thread 0x000002b41980c800 DEOPT UNPACKING pc=0x000002b421faa1af sp=0x000000b4a52fcad8 mode 2
Event: 2.300 Thread 0x000002b41980c800 Uncommon trap: trap_request=0xffffff4d fr.pc=0x000002b429b4dbc0 relative=0x0000000000002900
Event: 2.300 Thread 0x000002b41980c800 Uncommon trap: reason=unstable_if action=reinterpret pc=0x000002b429b4dbc0 method=jdk.internal.loader.URLClassPath.getResource(Ljava/lang/String;Z)Ljdk/internal/loader/Resource; @ 47 c2
Event: 2.300 Thread 0x000002b41980c800 DEOPT PACKING pc=0x000002b429b4dbc0 sp=0x000000b4a52fb620
Event: 2.300 Thread 0x000002b41980c800 DEOPT UNPACKING pc=0x000002b421faa1af sp=0x000000b4a52fb6a0 mode 2
Event: 2.394 Thread 0x000002b41980c800 Uncommon trap: trap_request=0xffffff4d fr.pc=0x000002b429ab7500 relative=0x00000000000015e0
Event: 2.394 Thread 0x000002b41980c800 Uncommon trap: reason=unstable_if action=reinterpret pc=0x000002b429ab7500 method=java.io.WinNTFileSystem.normalize(Ljava/lang/String;)Ljava/lang/String; @ 128 c2
Event: 2.394 Thread 0x000002b41980c800 DEOPT PACKING pc=0x000002b429ab7500 sp=0x000000b4a52fa190
Event: 2.394 Thread 0x000002b41980c800 DEOPT UNPACKING pc=0x000002b421faa1af sp=0x000000b4a52fa168 mode 2

Classes redefined (0 events):
No events

Internal exceptions (20 events):
Event: 0.450 Thread 0x000002b41980c800 Exception <a 'java/lang/ClassNotFoundException'{0x000000070f80f228}: java/lang/ObjectCustomizer> (0x000000070f80f228) thrown at [./src/hotspot/share/classfile/systemDictionary.cpp, line 230]
Event: 0.456 Thread 0x000002b41980c800 Exception <a 'java/lang/ClassNotFoundException'{0x000000070f8277e0}: org/apache/log4j/LayoutCustomizer> (0x000000070f8277e0) thrown at [./src/hotspot/share/classfile/systemDictionary.cpp, line 230]
Event: 0.458 Thread 0x000002b41980c800 Exception <a 'java/lang/ClassNotFoundException'{0x000000070f83fe88}: org/apache/log4j/PatternLayoutCustomizer> (0x000000070f83fe88) thrown at [./src/hotspot/share/classfile/systemDictionary.cpp, line 230]
Event: 0.461 Thread 0x000002b41980c800 Implicit null exception at 0x000002b429a689f4 to 0x000002b429a68f68
Event: 1.411 Thread 0x000002b41980c800 Implicit null exception at 0x000002b429a69974 to 0x000002b429a69f08
Event: 1.871 Thread 0x000002b41980c800 Exception <a 'java/io/FileNotFoundException'{0x000000070f87fa48}> (0x000000070f87fa48) thrown at [./src/hotspot/share/prims/jni.cpp, line 617]
Event: 1.891 Thread 0x000002b41980c800 Exception <a 'java/io/FileNotFoundException'{0x000000070f783ad8}> (0x000000070f783ad8) thrown at [./src/hotspot/share/prims/jni.cpp, line 617]
Event: 2.130 Thread 0x000002b41980c800 Exception <a 'java/lang/reflect/InvocationTargetException'{0x000000070eb91ac0}> (0x000000070eb91ac0) thrown at [./src/hotspot/share/runtime/reflection.cpp, line 1247]
Event: 2.131 Thread 0x000002b41980c800 Exception <a 'java/lang/reflect/InvocationTargetException'{0x000000070eba3a40}> (0x000000070eba3a40) thrown at [./src/hotspot/share/runtime/reflection.cpp, line 1247]
Event: 2.132 Thread 0x000002b41980c800 Exception <a 'java/lang/reflect/InvocationTargetException'{0x000000070ebb5958}> (0x000000070ebb5958) thrown at [./src/hotspot/share/runtime/reflection.cpp, line 1247]
Event: 2.140 Thread 0x000002b41980c800 Exception <a 'java/lang/reflect/InvocationTargetException'{0x000000070ea1ff58}> (0x000000070ea1ff58) thrown at [./src/hotspot/share/runtime/reflection.cpp, line 1247]
Event: 2.143 Thread 0x000002b41980c800 Exception <a 'java/lang/reflect/InvocationTargetException'{0x000000070ea34858}> (0x000000070ea34858) thrown at [./src/hotspot/share/runtime/reflection.cpp, line 1247]
Event: 2.315 Thread 0x000002b41980c800 Exception <a 'java/lang/NoSuchMethodError'{0x000000070e0503d0}: 'java.lang.Object java.lang.invoke.DirectMethodHandle$Holder.invokeStaticInit(java.lang.Object, int, int, int, int)'> (0x000000070e0503d0) thrown at [./src/hotspot/share/interpreter/linkResolver.cpp, line 773]
Event: 2.406 Thread 0x000002b41980c800 Exception <a 'java/lang/NoSuchMethodError'{0x000000070df23d20}: 'java.lang.Object java.lang.invoke.DirectMethodHandle$Holder.invokeStaticInit(java.lang.Object, java.lang.Object, int, int, int, int)'> (0x000000070df23d20) thrown at [./src/hotspot/share/interpreter/linkResolver.cpp, line 773]
Event: 2.432 Thread 0x000002b41980c800 Exception <a 'java/security/PrivilegedActionException'{0x000000070dfe13e0}> (0x000000070dfe13e0) thrown at [./src/hotspot/share/prims/jvm.cpp, line 1306]
Event: 2.432 Thread 0x000002b41980c800 Exception <a 'java/security/PrivilegedActionException'{0x000000070dfe2b28}> (0x000000070dfe2b28) thrown at [./src/hotspot/share/prims/jvm.cpp, line 1306]
Event: 2.432 Thread 0x000002b41980c800 Exception <a 'java/security/PrivilegedActionException'{0x000000070dfe4190}> (0x000000070dfe4190) thrown at [./src/hotspot/share/prims/jvm.cpp, line 1306]
Event: 2.433 Thread 0x000002b41980c800 Exception <a 'java/security/PrivilegedActionException'{0x000000070dff0e60}> (0x000000070dff0e60) thrown at [./src/hotspot/share/prims/jvm.cpp, line 1306]
Event: 2.433 Thread 0x000002b41980c800 Exception <a 'java/security/PrivilegedActionException'{0x000000070dff24c0}> (0x000000070dff24c0) thrown at [./src/hotspot/share/prims/jvm.cpp, line 1306]
Event: 2.433 Thread 0x000002b41980c800 Exception <a 'java/security/PrivilegedActionException'{0x000000070dff3ae0}> (0x000000070dff3ae0) thrown at [./src/hotspot/share/prims/jvm.cpp, line 1306]

Events (20 events):
Event: 2.440 loading class org/lwjgl/MemoryUtil$Accessor
Event: 2.440 loading class org/lwjgl/MemoryUtil$Accessor done
Event: 2.441 loading class java/nio/charset/CharacterCodingException
Event: 2.441 loading class java/nio/charset/CharacterCodingException done
Event: 2.441 loading class org/lwjgl/MemoryUtilSun$AccessorUnsafe
Event: 2.441 loading class org/lwjgl/MemoryUtilSun$AccessorUnsafe done
Event: 2.442 loading class sun/misc/Unsafe
Event: 2.442 loading class sun/misc/Unsafe done
Event: 2.443 loading class org/lwjgl/MemoryUtilSun
Event: 2.443 loading class org/lwjgl/MemoryUtilSun done
Event: 2.443 loading class org/lwjgl/MemoryUtilSun$AccessorReflectFast
Event: 2.443 loading class org/lwjgl/MemoryUtilSun$AccessorReflectFast done
Event: 2.459 loading class org/lwjgl/openal/ALCdevice
Event: 2.459 loading class org/lwjgl/openal/ALCdevice done
Event: 2.460 loading class org/lwjgl/openal/ALCcontext
Event: 2.460 loading class org/lwjgl/openal/ALCcontext done
Event: 2.461 loading class org/lwjgl/openal/Util
Event: 2.461 loading class org/lwjgl/openal/Util done
Event: 2.461 loading class org/lwjgl/openal/OpenALException
Event: 2.461 loading class org/lwjgl/openal/OpenALException done


Dynamic libraries:
0x00007ff6cf5f0000 - 0x00007ff6cf5fd000 	C:\Program Files\Eclipse Adoptium\jdk-11.0.16.8-hotspot\bin\javaw.exe
0x00007ffff0330000 - 0x00007ffff0528000 	C:\Windows\SYSTEM32\ntdll.dll
0x00007fffef8e0000 - 0x00007fffef99d000 	C:\Windows\System32\KERNEL32.DLL
0x00007fffedb50000 - 0x00007fffede1e000 	C:\Windows\System32\KERNELBASE.dll
0x00007fffeda50000 - 0x00007fffedb50000 	C:\Windows\System32\ucrtbase.dll
0x00007fffdd030000 - 0x00007fffdd047000 	C:\Program Files\Eclipse Adoptium\jdk-11.0.16.8-hotspot\bin\jli.dll
0x00007fffdcf10000 - 0x00007fffdcf25000 	C:\Program Files\Eclipse Adoptium\jdk-11.0.16.8-hotspot\bin\VCRUNTIME140.dll
0x00007fffeed50000 - 0x00007fffeeef0000 	C:\Windows\System32\USER32.dll
0x00007fffede20000 - 0x00007fffede42000 	C:\Windows\System32\win32u.dll
0x00007fffdd380000 - 0x00007fffdd61a000 	C:\Windows\WinSxS\amd64_microsoft.windows.common-controls_6595b64144ccf1df_6.0.19041.1110_none_60b5254171f9507e\COMCTL32.dll
0x00007fffef9a0000 - 0x00007fffef9ca000 	C:\Windows\System32\GDI32.dll
0x00007fffeec40000 - 0x00007fffeecde000 	C:\Windows\System32\msvcrt.dll
0x00007fffede50000 - 0x00007fffedf5b000 	C:\Windows\System32\gdi32full.dll
0x00007fffee230000 - 0x00007fffee2cd000 	C:\Windows\System32\msvcp_win.dll
0x00007fffef4f0000 - 0x00007fffef520000 	C:\Windows\System32\IMM32.DLL
0x00007fff96460000 - 0x00007fff964fb000 	C:\Program Files\Eclipse Adoptium\jdk-11.0.16.8-hotspot\bin\msvcp140.dll
0x00007fff69ce0000 - 0x00007fff6a862000 	C:\Program Files\Eclipse Adoptium\jdk-11.0.16.8-hotspot\bin\server\jvm.dll
0x00007fffee9d0000 - 0x00007fffeea7e000 	C:\Windows\System32\ADVAPI32.dll
0x00007fffef450000 - 0x00007fffef4ec000 	C:\Windows\System32\sechost.dll
0x00007fffeea90000 - 0x00007fffeebb5000 	C:\Windows\System32\RPCRT4.dll
0x00007fffeece0000 - 0x00007fffeece8000 	C:\Windows\System32\PSAPI.DLL
0x00007fffa6230000 - 0x00007fffa6239000 	C:\Windows\SYSTEM32\WSOCK32.dll
0x00007fffd0d40000 - 0x00007fffd0d67000 	C:\Windows\SYSTEM32\WINMM.dll
0x00007fffeefc0000 - 0x00007fffef02b000 	C:\Windows\System32\WS2_32.dll
0x00007fffe3a50000 - 0x00007fffe3a5a000 	C:\Windows\SYSTEM32\VERSION.dll
0x00007fffeb880000 - 0x00007fffeb892000 	C:\Windows\SYSTEM32\kernel.appcore.dll
0x00007fffc5df0000 - 0x00007fffc5e00000 	C:\Program Files\Eclipse Adoptium\jdk-11.0.16.8-hotspot\bin\verify.dll
0x00007fffe74c0000 - 0x00007fffe76a4000 	C:\Windows\SYSTEM32\DBGHELP.DLL
0x00007fffe5fa0000 - 0x00007fffe5fcc000 	C:\Windows\SYSTEM32\dbgcore.DLL
0x00007fffee170000 - 0x00007fffee1f2000 	C:\Windows\System32\bcryptPrimitives.dll
0x00007fff8f7d0000 - 0x00007fff8f7f8000 	C:\Program Files\Eclipse Adoptium\jdk-11.0.16.8-hotspot\bin\java.dll
0x00007fffa60b0000 - 0x00007fffa60ba000 	C:\Program Files\Eclipse Adoptium\jdk-11.0.16.8-hotspot\bin\jimage.dll
0x00007fffa4f80000 - 0x00007fffa4f98000 	C:\Program Files\Eclipse Adoptium\jdk-11.0.16.8-hotspot\bin\zip.dll
0x00007fffefac0000 - 0x00007ffff0203000 	C:\Windows\System32\SHELL32.dll
0x00007fffebb60000 - 0x00007fffec2f5000 	C:\Windows\SYSTEM32\windows.storage.dll
0x00007fffef580000 - 0x00007fffef8d4000 	C:\Windows\System32\combase.dll
0x00007fffed4b0000 - 0x00007fffed4e0000 	C:\Windows\SYSTEM32\Wldp.dll
0x00007fffee400000 - 0x00007fffee4ad000 	C:\Windows\System32\SHCORE.dll
0x00007fffef520000 - 0x00007fffef575000 	C:\Windows\System32\shlwapi.dll
0x00007fffed990000 - 0x00007fffed9af000 	C:\Windows\SYSTEM32\profapi.dll
0x00007fff96170000 - 0x00007fff96189000 	C:\Program Files\Eclipse Adoptium\jdk-11.0.16.8-hotspot\bin\net.dll
0x00007fffe5160000 - 0x00007fffe526a000 	C:\Windows\SYSTEM32\WINHTTP.dll
0x00007fffed210000 - 0x00007fffed27a000 	C:\Windows\system32\mswsock.dll
0x00007fff8f7b0000 - 0x00007fff8f7c3000 	C:\Program Files\Eclipse Adoptium\jdk-11.0.16.8-hotspot\bin\nio.dll
0x0000000065580000 - 0x0000000065616000 	C:\Users\Ezequiel\AppData\Local\Temp\libgdxEzequiel\12dfaa03\gdx64.dll
0x00007fffed410000 - 0x00007fffed428000 	C:\Windows\SYSTEM32\CRYPTSP.dll
0x00007fffecb20000 - 0x00007fffecb54000 	C:\Windows\system32\rsaenh.dll
0x00007fffee200000 - 0x00007fffee227000 	C:\Windows\System32\bcrypt.dll
0x00007fffed950000 - 0x00007fffed97e000 	C:\Windows\SYSTEM32\USERENV.dll
0x00007fffed400000 - 0x00007fffed40c000 	C:\Windows\SYSTEM32\CRYPTBASE.dll
0x00007fffeceb0000 - 0x00007fffeceeb000 	C:\Windows\SYSTEM32\IPHLPAPI.DLL
0x00007fffee390000 - 0x00007fffee398000 	C:\Windows\System32\NSI.dll
0x00007fffe7c00000 - 0x00007fffe7c17000 	C:\Windows\SYSTEM32\dhcpcsvc6.DLL
0x00007fffe7be0000 - 0x00007fffe7bfd000 	C:\Windows\SYSTEM32\dhcpcsvc.DLL
0x00007fffecef0000 - 0x00007fffecfba000 	C:\Windows\SYSTEM32\DNSAPI.dll
0x0000000180000000 - 0x0000000180053000 	C:\Users\Ezequiel\AppData\Local\Temp\libgdxEzequiel\dc0f0009\lwjgl64.dll
0x00007fffb3be0000 - 0x00007fffb3d07000 	C:\Windows\SYSTEM32\OPENGL32.dll
0x00007fffb3080000 - 0x00007fffb30ac000 	C:\Windows\SYSTEM32\GLU32.dll
0x000002b419710000 - 0x000002b419774000 	C:\Users\Ezequiel\AppData\Local\Temp\libgdxEzequiel\dc0f0009\OpenAL64.dll
0x00007fffef200000 - 0x00007fffef32a000 	C:\Windows\System32\ole32.dll
0x00007fffeb3e0000 - 0x00007fffeb47e000 	C:\Windows\system32\uxtheme.dll
0x00007fffee4b0000 - 0x00007fffee559000 	C:\Windows\System32\clbcatq.dll
0x00007fffcbf30000 - 0x00007fffcbfcc000 	C:\Windows\SYSTEM32\dsound.dll
0x00007fffed020000 - 0x00007fffed06b000 	C:\Windows\SYSTEM32\powrprof.dll
0x00007fffcdee0000 - 0x00007fffcdf06000 	C:\Windows\SYSTEM32\winmmbase.dll
0x00007fffece90000 - 0x00007fffecea2000 	C:\Windows\SYSTEM32\UMPDC.dll
0x00007fffe8970000 - 0x00007fffe89f5000 	C:\Windows\System32\MMDevApi.dll
0x00007fffed800000 - 0x00007fffed82c000 	C:\Windows\System32\DEVOBJ.dll
0x00007fffee2d0000 - 0x00007fffee31e000 	C:\Windows\System32\cfgmgr32.dll
0x00007fffe8a00000 - 0x00007fffe8b82000 	C:\Windows\SYSTEM32\AUDIOSES.DLL
0x00007fffeeef0000 - 0x00007fffeefbd000 	C:\Windows\System32\OLEAUT32.dll

dbghelp: loaded successfully - version: 4.0.5 - missing functions: none
symbol engine: initialized successfully - sym options: 0x614 - pdb path: .;C:\Program Files\Eclipse Adoptium\jdk-11.0.16.8-hotspot\bin;C:\Windows\SYSTEM32;C:\Windows\WinSxS\amd64_microsoft.windows.common-controls_6595b64144ccf1df_6.0.19041.1110_none_60b5254171f9507e;C:\Program Files\Eclipse Adoptium\jdk-11.0.16.8-hotspot\bin\server;C:\Users\Ezequiel\AppData\Local\Temp\libgdxEzequiel\12dfaa03;C:\Users\Ezequiel\AppData\Local\Temp\libgdxEzequiel\dc0f0009

VM Arguments:
jvm_args: -Duser.language=es_AR -Dfile.encoding=UTF-8 
java_command: org.uqbar.project.wollok.launch.WollokLauncher -requestsPort 0 -eventsPort 0 -folder -dontValidate -wf src/Game.wpgm -darkMode
java_class_path (initial): C:\Users\Ezequiel\Desktop\Unahur\Programacion Objetos I\Wollok\workspace\Tetris\bin;C:\Users\Ezequiel\Desktop\Unahur\Programacion Objetos I\Wollok\plugins\com.ibm.icu_64.2.0.v20190507-1337.jar;C:\Users\Ezequiel\Desktop\Unahur\Programacion Objetos I\Wollok\plugins\org.eclipse.xtext_2.20.0.v20191202-0915.jar;C:\Users\Ezequiel\Desktop\Unahur\Programacion Objetos I\Wollok\plugins\org.eclipse.emf.ecore.xmi_2.16.0.v20190528-0725.jar;C:\Users\Ezequiel\Desktop\Unahur\Programacion Objetos I\Wollok\plugins\org.eclipse.emf.ecore_2.20.0.v20190920-0401.jar;C:\Users\Ezequiel\Desktop\Unahur\Programacion Objetos I\Wollok\plugins\org.eclipse.emf.common_2.17.0.v20190920-0401.jar;C:\Users\Ezequiel\Desktop\Unahur\Programacion Objetos I\Wollok\plugins\org.antlr.runtime_3.2.0.v201101311130.jar;C:\Users\Ezequiel\Desktop\Unahur\Programacion Objetos I\Wollok\plugins\com.google.inject_3.0.0.v201605172100.jar;C:\Users\Ezequiel\Desktop\Unahur\Programacion Objetos I\Wollok\plugins\org.eclipse.emf.mwe.core_1.5.1.v20191121-1148.jar;C:\Users\Ezequiel\Desktop\Unahur\Programacion Objetos I\Wollok\plugins\org.apache.commons.cli_1.2.0.v201404270220.jar;C:\Users\Ezequiel\Desktop\Unahur\Programacion Objetos I\Wollok\plugins\org.eclipse.emf.mwe2.runtime_2.11.1.v20191121-1148.jar;C:\Users\Ezequiel\Desktop\Unahur\Programacion Objetos I\Wollok\plugins\org.eclipse.emf.mwe.utils_1.5.1.v20191121-1148.jar;C:\Users\Ezequiel\Desktop\Unahur\Programacion Objetos I\Wollok\plugins\org.eclipse.xtext.util_2.20.0.v20191202-0915.jar;C:\Users\Ezequiel\Desktop\Unahur\Programacion Objetos I\Wollok\plugins\com.google.guava_27.1.0.v20190517-1946.jar;C:\Users\Ezequiel\Desktop\Unahur\Programacion Objetos I\Wollok\plugins\javax.inject_1.0.0.v20091030.jar;C:\Users\Ezequiel\Desktop\Unahur\Programacion Objetos I\Wollok\plugins\org.eclipse.xtext.generator_2.20.0.v20191202-0933.jar;C:\Users\Ezequiel\Desktop\Unahur\Programacion Objetos I\Wollok\plugins\org.eclipse.xtext.xtext.generator_2.20.0.v20191202-091
Launcher Type: SUN_STANDARD

[Global flags]
     intx CICompilerCount                          = 4                                         {product} {ergonomic}
     uint ConcGCThreads                            = 2                                         {product} {ergonomic}
     uint G1ConcRefinementThreads                  = 8                                         {product} {ergonomic}
   size_t G1HeapRegionSize                         = 1048576                                   {product} {ergonomic}
    uintx GCDrainStackTargetSize                   = 64                                        {product} {ergonomic}
   size_t InitialHeapSize                          = 268435456                                 {product} {ergonomic}
   size_t MarkStackSize                            = 4194304                                   {product} {ergonomic}
   size_t MaxHeapSize                              = 4278190080                                {product} {ergonomic}
   size_t MaxNewSize                               = 2566914048                                {product} {ergonomic}
   size_t MinHeapDeltaBytes                        = 1048576                                   {product} {ergonomic}
    uintx NonNMethodCodeHeapSize                   = 5836300                                {pd product} {ergonomic}
    uintx NonProfiledCodeHeapSize                  = 122910970                              {pd product} {ergonomic}
    uintx ProfiledCodeHeapSize                     = 122910970                              {pd product} {ergonomic}
    uintx ReservedCodeCacheSize                    = 251658240                              {pd product} {ergonomic}
     bool SegmentedCodeCache                       = true                                      {product} {ergonomic}
     bool UseCompressedClassPointers               = true                                 {lp64_product} {ergonomic}
     bool UseCompressedOops                        = true                                 {lp64_product} {ergonomic}
     bool UseG1GC                                  = true                                      {product} {ergonomic}
     bool UseLargePagesIndividualAllocation        = false                                  {pd product} {ergonomic}

Logging:
Log output configuration:
 #0: stdout all=warning uptime,level,tags
 #1: stderr all=off uptime,level,tags

Environment Variables:
PATH=C:/Program Files/Eclipse Adoptium/jdk-11.0.16.8-hotspot/bin/client;C:/Program Files/Eclipse Adoptium/jdk-11.0.16.8-hotspot/bin;C:\Program Files\Eclipse Adoptium\jdk-11.0.16.8-hotspot\bin;C:\Program Files (x86)\Common Files\Oracle\Java\javapath;C:\Windows\system32;C:\Windows;C:\Windows\System32\Wbem;C:\Windows\System32\WindowsPowerShell\v1.0\;C:\Windows\System32\OpenSSH\;C:\Program Files\Git\cmd;C:\Users\Ezequiel\AppData\Local\Microsoft\WindowsApps;C:\Users\Ezequiel\AppData\Local\Programs\Microsoft VS Code\bin;C:\Program Files (x86)\Sophos\Sophos SSL VPN Client\bin;C:\Users\Ezequiel\Desktop\Unahur\Programacion Objetos I\Wollok;
USERNAME=Ezequiel
OS=Windows_NT
PROCESSOR_IDENTIFIER=AMD64 Family 23 Model 24 Stepping 1, AuthenticAMD
TMP=C:\Users\Ezequiel\AppData\Local\Temp
TEMP=C:\Users\Ezequiel\AppData\Local\Temp



---------------  S Y S T E M  ---------------

OS: Windows 10 , 64 bit Build 19041 (10.0.19041.1889)
OS uptime: 21 days 4:55 hours

CPU:total 8 (initial active 8) (8 cores per cpu, 2 threads per core) family 23 model 24 stepping 1 microcode 0x0, cmov, cx8, fxsr, mmx, sse, sse2, sse3, ssse3, sse4.1, sse4.2, popcnt, avx, avx2, aes, clmul, mmxext, 3dnowpref, lzcnt, sse4a, ht, tsc, tscinvbit, tscinv, bmi1, bmi2, adx, sha, fma

Memory: 4k page, system-wide physical 16312M (8452M free)
TotalPageFile size 28088M (AvailPageFile size 12009M)
current process WorkingSet (physical memory assigned to process): 219M, peak: 233M
current process commit charge ("private bytes"): 434M, peak: 448M

vm_info: OpenJDK 64-Bit Server VM (11.0.16+8) for windows-amd64 JRE (11.0.16+8), built on Jul 20 2022 07:15:32 by "" with MS VC++ 15.9 (VS2017)

END.
